#
# There is insufficient memory for the Java Runtime Environment to continue.
# Native memory allocation (malloc) failed to allocate 287056 bytes for Chunk::new
# Possible reasons:
#   The system is out of physical RAM or swap space
#   In 32 bit mode, the process size limit was hit
# Possible solutions:
#   Reduce memory load on the system
#   Increase physical memory or swap space
#   Check if swap backing store is full
#   Use 64 bit Java on a 64 bit OS
#   Decrease Java heap size (-Xmx/-Xms)
#   Decrease number of Java threads
#   Decrease Java thread stack sizes (-Xss)
#   Set larger code cache with -XX:ReservedCodeCacheSize=
# This output file may be truncated or incomplete.
#
#  Out of Memory Error (allocation.cpp:390), pid=968, tid=0x0000000000003338
#
# JRE version: Java(TM) SE Runtime Environment (8.0_171-b11) (build 1.8.0_171-b11)
# Java VM: Java HotSpot(TM) 64-Bit Server VM (25.171-b11 mixed mode windows-amd64 compressed oops)
# Failed to write core dump. Minidumps are not enabled by default on client versions of Windows
#

---------------  T H R E A D  ---------------

Current thread (0x000000001ec97800):  JavaThread "C2 CompilerThread0" daemon [_thread_in_native, id=13112, stack(0x000000001f430000,0x000000001f530000)]

Stack: [0x000000001f430000,0x000000001f530000]
[error occurred during error reporting (printing stack bounds), id 0xc0000005]

Native frames: (J=compiled Java code, j=interpreted, Vv=VM code, C=native code)


Current CompileTask:
C2:5506113 7137       4       java.text.SimpleDateFormat::subFormat (1260 bytes)


---------------  P R O C E S S  ---------------

Java Threads: ( => current thread )
  0x0000000027008000 JavaThread "http-bio-9002-AsyncTimeout" daemon [_thread_blocked, id=1152, stack(0x000000002e420000,0x000000002e520000)]
  0x0000000027004800 JavaThread "http-bio-9002-Acceptor-0" daemon [_thread_in_native, id=11260, stack(0x000000002e320000,0x000000002e420000)]
  0x0000000027007800 JavaThread "ContainerBackgroundProcessor[StandardEngine[Tomcat]]" daemon [_thread_blocked, id=17208, stack(0x000000002e220000,0x000000002e320000)]
  0x0000000024ae2800 JavaThread "DubboSaveRegistryCache-thread-1" daemon [_thread_blocked, id=7820, stack(0x000000002dc20000,0x000000002dd20000)]
  0x0000000024ae5000 JavaThread "DubboFutureCallbackDefault-thread-1" daemon [_thread_blocked, id=23112, stack(0x000000002e120000,0x000000002e220000)]
  0x0000000024ae2000 JavaThread "DubboZkclientConnector-EventThread" daemon [_thread_blocked, id=15680, stack(0x000000002df20000,0x000000002e020000)]
  0x0000000024ade000 JavaThread "DubboZkclientConnector-SendThread(202.168.12.168:2181)" daemon [_thread_in_native, id=616, stack(0x000000002de20000,0x000000002df20000)]
  0x0000000024ae3800 JavaThread "ZkClient-EventThread-25-202.168.12.168:2181" daemon [_thread_blocked, id=3716, stack(0x000000002dd20000,0x000000002de20000)]
  0x000000002a0d3000 JavaThread "DubboRegistryFailedRetryTimer-thread-1" daemon [_thread_blocked, id=14376, stack(0x000000002db20000,0x000000002dc20000)]
  0x000000002a26d800 JavaThread "dubbo-remoting-server-heartbeat-thread-1" daemon [_thread_blocked, id=14436, stack(0x000000002da20000,0x000000002db20000)]
  0x0000000021aa0000 JavaThread "New I/O server boss #1 ([id: 0x7a7cd40e, /0:0:0:0:0:0:0:0:20882])" daemon [_thread_in_native, id=8356, stack(0x000000002cec0000,0x000000002cfc0000)]
  0x000000002352a000 JavaThread "commons-pool-EvictionTimer" daemon [_thread_blocked, id=25240, stack(0x000000002d220000,0x000000002d320000)]
  0x000000001ffe7000 JavaThread "Thread-3" daemon [_thread_in_native, id=22936, stack(0x00000000263f0000,0x00000000264f0000)]
  0x000000001eca8800 JavaThread "Service Thread" daemon [_thread_blocked, id=25492, stack(0x000000001f830000,0x000000001f930000)]
  0x000000001eca0000 JavaThread "C1 CompilerThread3" daemon [_thread_blocked, id=15520, stack(0x000000001f730000,0x000000001f830000)]
  0x000000001ec9b000 JavaThread "C2 CompilerThread2" daemon [_thread_blocked, id=13552, stack(0x000000001f630000,0x000000001f730000)]
  0x000000001ec92000 JavaThread "C2 CompilerThread1" daemon [_thread_blocked, id=25864, stack(0x000000001f530000,0x000000001f630000)]
=>0x000000001ec97800 JavaThread "C2 CompilerThread0" daemon [_thread_in_native, id=13112, stack(0x000000001f430000,0x000000001f530000)]
  0x000000001ec7a800 JavaThread "Monitor Ctrl-Break" daemon [_thread_in_native, id=23504, stack(0x000000001f330000,0x000000001f430000)]
  0x000000001ec08000 JavaThread "Attach Listener" daemon [_thread_blocked, id=15772, stack(0x000000001f230000,0x000000001f330000)]
  0x000000001ec07000 JavaThread "Signal Dispatcher" daemon [_thread_blocked, id=26408, stack(0x000000001f130000,0x000000001f230000)]
  0x000000001ebf0800 JavaThread "Finalizer" daemon [_thread_blocked, id=18592, stack(0x000000001efd0000,0x000000001f0d0000)]
  0x000000001ccfd800 JavaThread "Reference Handler" daemon [_thread_blocked, id=12732, stack(0x000000001ead0000,0x000000001ebd0000)]
  0x0000000003253000 JavaThread "main" [_thread_blocked, id=14060, stack(0x0000000002fc0000,0x00000000030c0000)]

Other Threads:
  0x000000001ccf9000 VMThread [stack: 0x000000001e9d0000,0x000000001ead0000] [id=15944]
  0x000000001ecad800 WatcherThread [stack: 0x000000001f930000,0x000000001fa30000] [id=20108]

VM state:not at safepoint (normal execution)

VM Mutex/Monitor currently owned by a thread: None

Heap:
 PSYoungGen      total 305152K, used 89107K [0x000000076b780000, 0x0000000786a00000, 0x00000007c0000000)
  eden space 270848K, 28% used [0x000000076b780000,0x000000077041ccb8,0x000000077c000000)
  from space 34304K, 31% used [0x000000077c000000,0x000000077ca68048,0x000000077e180000)
  to   space 33792K, 0% used [0x0000000784900000,0x0000000784900000,0x0000000786a00000)
 ParOldGen       total 163840K, used 35121K [0x00000006c2600000, 0x00000006cc600000, 0x000000076b780000)
  object space 163840K, 21% used [0x00000006c2600000,0x00000006c484c538,0x00000006cc600000)
 Metaspace       used 45143K, capacity 45904K, committed 46248K, reserved 1089536K
  class space    used 5288K, capacity 5516K, committed 5552K, reserved 1048576K

Card table byte_map: [0x0000000012710000,0x0000000012f00000] byte_map_base: 0x000000000f0fd000

Marking Bits: (ParMarkBitMap*) 0x0000000067b708c0
 Begin Bits: [0x0000000013c50000, 0x0000000017bb8000)
 End Bits:   [0x0000000017bb8000, 0x000000001bb20000)

Polling page: 0x0000000002e10000

CodeCache: size=245760Kb used=20294Kb max_used=21288Kb free=225465Kb
 bounds [0x0000000003350000, 0x0000000004860000, 0x0000000012350000]
 total_blobs=6357 nmethods=5843 adapters=426
 compilation: enabled

Compilation events (10 events):
Event: 5386.127 Thread 0x000000001ec92000 nmethod 7132 0x0000000004352310 code [0x0000000004352540, 0x00000000043559b8]
Event: 5406.079 Thread 0x000000001eca0000 7133       3       java.text.DecimalFormat::append (94 bytes)
Event: 5406.080 Thread 0x000000001eca0000 nmethod 7133 0x0000000003734d50 code [0x0000000003734f00, 0x0000000003735a28]
Event: 5415.255 Thread 0x000000001ec9b000 7134   !   4       sun.nio.ch.ServerSocketChannelImpl::accept (321 bytes)
Event: 5415.266 Thread 0x000000001ec9b000 nmethod 7134 0x0000000004052d10 code [0x0000000004052ec0, 0x0000000004053d88]
Event: 5419.011 Thread 0x000000001ec92000 7135       4       java.util.concurrent.ConcurrentLinkedQueue::iterator (9 bytes)
Event: 5419.014 Thread 0x000000001ec92000 nmethod 7135 0x0000000003ac9bd0 code [0x0000000003ac9d20, 0x0000000003ac9e78]
Event: 5466.090 Thread 0x000000001ec9b000 7136       4       java.nio.HeapByteBuffer::get (14 bytes)
Event: 5466.091 Thread 0x000000001ec9b000 nmethod 7136 0x0000000003c74b10 code [0x0000000003c74c40, 0x0000000003c74d18]
Event: 5506.095 Thread 0x000000001ec97800 7137       4       java.text.SimpleDateFormat::subFormat (1260 bytes)

GC Heap History (10 events):
Event: 25.962 GC heap before
{Heap before GC invocations=11 (full 1):
 PSYoungGen      total 172032K, used 172020K [0x000000076b780000, 0x000000077b500000, 0x00000007c0000000)
  eden space 148992K, 100% used [0x000000076b780000,0x0000000774900000,0x0000000774900000)
  from space 23040K, 99% used [0x0000000774900000,0x0000000775f7d018,0x0000000775f80000)
  to   space 28160K, 0% used [0x0000000779980000,0x0000000779980000,0x000000077b500000)
 ParOldGen       total 109056K, used 32379K [0x00000006c2600000, 0x00000006c9080000, 0x000000076b780000)
  object space 109056K, 29% used [0x00000006c2600000,0x00000006c459eeb8,0x00000006c9080000)
 Metaspace       used 24169K, capacity 24758K, committed 25008K, reserved 1071104K
  class space    used 2797K, capacity 2968K, committed 2992K, reserved 1048576K
Event: 26.003 GC heap after
Heap after GC invocations=11 (full 1):
 PSYoungGen      total 228352K, used 26452K [0x000000076b780000, 0x000000077be80000, 0x00000007c0000000)
  eden space 200192K, 0% used [0x000000076b780000,0x000000076b780000,0x0000000777b00000)
  from space 28160K, 93% used [0x0000000779980000,0x000000077b355058,0x000000077b500000)
  to   space 31232K, 0% used [0x0000000777b00000,0x0000000777b00000,0x0000000779980000)
 ParOldGen       total 109056K, used 35359K [0x00000006c2600000, 0x00000006c9080000, 0x000000076b780000)
  object space 109056K, 32% used [0x00000006c2600000,0x00000006c4887ff8,0x00000006c9080000)
 Metaspace       used 24169K, capacity 24758K, committed 25008K, reserved 1071104K
  class space    used 2797K, capacity 2968K, committed 2992K, reserved 1048576K
}
Event: 26.983 GC heap before
{Heap before GC invocations=12 (full 1):
 PSYoungGen      total 228352K, used 226644K [0x000000076b780000, 0x000000077be80000, 0x00000007c0000000)
  eden space 200192K, 100% used [0x000000076b780000,0x0000000777b00000,0x0000000777b00000)
  from space 28160K, 93% used [0x0000000779980000,0x000000077b355058,0x000000077b500000)
  to   space 31232K, 0% used [0x0000000777b00000,0x0000000777b00000,0x0000000779980000)
 ParOldGen       total 109056K, used 35359K [0x00000006c2600000, 0x00000006c9080000, 0x000000076b780000)
  object space 109056K, 32% used [0x00000006c2600000,0x00000006c4887ff8,0x00000006c9080000)
 Metaspace       used 24172K, capacity 24758K, committed 25008K, reserved 1071104K
  class space    used 2797K, capacity 2968K, committed 2992K, reserved 1048576K
Event: 27.028 GC heap after
Heap after GC invocations=12 (full 1):
 PSYoungGen      total 231424K, used 31121K [0x000000076b780000, 0x0000000780b80000, 0x00000007c0000000)
  eden space 200192K, 0% used [0x000000076b780000,0x000000076b780000,0x0000000777b00000)
  from space 31232K, 99% used [0x0000000777b00000,0x0000000779964440,0x0000000779980000)
  to   space 34816K, 0% used [0x000000077e980000,0x000000077e980000,0x0000000780b80000)
 ParOldGen       total 109056K, used 41468K [0x00000006c2600000, 0x00000006c9080000, 0x000000076b780000)
  object space 109056K, 38% used [0x00000006c2600000,0x00000006c4e7f100,0x00000006c9080000)
 Metaspace       used 24172K, capacity 24758K, committed 25008K, reserved 1071104K
  class space    used 2797K, capacity 2968K, committed 2992K, reserved 1048576K
}
Event: 33.297 GC heap before
{Heap before GC invocations=13 (full 1):
 PSYoungGen      total 231424K, used 158874K [0x000000076b780000, 0x0000000780b80000, 0x00000007c0000000)
  eden space 200192K, 63% used [0x000000076b780000,0x00000007734424f0,0x0000000777b00000)
  from space 31232K, 99% used [0x0000000777b00000,0x0000000779964440,0x0000000779980000)
  to   space 34816K, 0% used [0x000000077e980000,0x000000077e980000,0x0000000780b80000)
 ParOldGen       total 109056K, used 41468K [0x00000006c2600000, 0x00000006c9080000, 0x000000076b780000)
  object space 109056K, 38% used [0x00000006c2600000,0x00000006c4e7f100,0x00000006c9080000)
 Metaspace       used 34470K, capacity 35130K, committed 35496K, reserved 1081344K
  class space    used 4041K, capacity 4247K, committed 4272K, reserved 1048576K
Event: 33.310 GC heap after
Heap after GC invocations=13 (full 1):
 PSYoungGen      total 296960K, used 11875K [0x000000076b780000, 0x0000000780300000, 0x00000007c0000000)
  eden space 270848K, 0% used [0x000000076b780000,0x000000076b780000,0x000000077c000000)
  from space 26112K, 45% used [0x000000077e980000,0x000000077f518c18,0x0000000780300000)
  to   space 34304K, 0% used [0x000000077c000000,0x000000077c000000,0x000000077e180000)
 ParOldGen       total 109056K, used 46818K [0x00000006c2600000, 0x00000006c9080000, 0x000000076b780000)
  object space 109056K, 42% used [0x00000006c2600000,0x00000006c53b8aa8,0x00000006c9080000)
 Metaspace       used 34470K, capacity 35130K, committed 35496K, reserved 1081344K
  class space    used 4041K, capacity 4247K, committed 4272K, reserved 1048576K
}
Event: 33.310 GC heap before
{Heap before GC invocations=14 (full 2):
 PSYoungGen      total 296960K, used 11875K [0x000000076b780000, 0x0000000780300000, 0x00000007c0000000)
  eden space 270848K, 0% used [0x000000076b780000,0x000000076b780000,0x000000077c000000)
  from space 26112K, 45% used [0x000000077e980000,0x000000077f518c18,0x0000000780300000)
  to   space 34304K, 0% used [0x000000077c000000,0x000000077c000000,0x000000077e180000)
 ParOldGen       total 109056K, used 46818K [0x00000006c2600000, 0x00000006c9080000, 0x000000076b780000)
  object space 109056K, 42% used [0x00000006c2600000,0x00000006c53b8aa8,0x00000006c9080000)
 Metaspace       used 34470K, capacity 35130K, committed 35496K, reserved 1081344K
  class space    used 4041K, capacity 4247K, committed 4272K, reserved 1048576K
Event: 33.365 GC heap after
Heap after GC invocations=14 (full 2):
 PSYoungGen      total 296960K, used 0K [0x000000076b780000, 0x0000000780300000, 0x00000007c0000000)
  eden space 270848K, 0% used [0x000000076b780000,0x000000076b780000,0x000000077c000000)
  from space 26112K, 0% used [0x000000077e980000,0x000000077e980000,0x0000000780300000)
  to   space 34304K, 0% used [0x000000077c000000,0x000000077c000000,0x000000077e180000)
 ParOldGen       total 163840K, used 35113K [0x00000006c2600000, 0x00000006cc600000, 0x000000076b780000)
  object space 163840K, 21% used [0x00000006c2600000,0x00000006c484a538,0x00000006cc600000)
 Metaspace       used 34470K, capacity 35130K, committed 35496K, reserved 1081344K
  class space    used 4041K, capacity 4247K, committed 4272K, reserved 1048576K
}
Event: 35.000 GC heap before
{Heap before GC invocations=15 (full 2):
 PSYoungGen      total 296960K, used 270848K [0x000000076b780000, 0x0000000780300000, 0x00000007c0000000)
  eden space 270848K, 100% used [0x000000076b780000,0x000000077c000000,0x000000077c000000)
  from space 26112K, 0% used [0x000000077e980000,0x000000077e980000,0x0000000780300000)
  to   space 34304K, 0% used [0x000000077c000000,0x000000077c000000,0x000000077e180000)
 ParOldGen       total 163840K, used 35113K [0x00000006c2600000, 0x00000006cc600000, 0x000000076b780000)
  object space 163840K, 21% used [0x00000006c2600000,0x00000006c484a538,0x00000006cc600000)
 Metaspace       used 42537K, capacity 43354K, committed 43688K, reserved 1087488K
  class space    used 4960K, capacity 5223K, committed 5296K, reserved 1048576K
Event: 35.011 GC heap after
Heap after GC invocations=15 (full 2):
 PSYoungGen      total 305152K, used 10656K [0x000000076b780000, 0x0000000786a00000, 0x00000007c0000000)
  eden space 270848K, 0% used [0x000000076b780000,0x000000076b780000,0x000000077c000000)
  from space 34304K, 31% used [0x000000077c000000,0x000000077ca68048,0x000000077e180000)
  to   space 33792K, 0% used [0x0000000784900000,0x0000000784900000,0x0000000786a00000)
 ParOldGen       total 163840K, used 35121K [0x00000006c2600000, 0x00000006cc600000, 0x000000076b780000)
  object space 163840K, 21% used [0x00000006c2600000,0x00000006c484c538,0x00000006cc600000)
 Metaspace       used 42537K, capacity 43354K, committed 43688K, reserved 1087488K
  class space    used 4960K, capacity 5223K, committed 5296K, reserved 1048576K
}

Deoptimization events (10 events):
Event: 35.370 Thread 0x0000000024ade000 Uncommon trap: reason=bimorphic action=maybe_recompile pc=0x0000000003600ce0 method=java.io.DataInputStream.readFully([BII)V @ 34
Event: 35.373 Thread 0x0000000024ade000 Uncommon trap: reason=unstable_if action=reinterpret pc=0x0000000004325368 method=java.util.concurrent.locks.AbstractQueuedSynchronizer.release(I)Z @ 14
Event: 35.380 Thread 0x0000000024ade000 Uncommon trap: reason=bimorphic action=maybe_recompile pc=0x0000000003600ce0 method=java.io.DataInputStream.readFully([BII)V @ 34
Event: 35.382 Thread 0x0000000024ade000 Uncommon trap: reason=bimorphic action=maybe_recompile pc=0x0000000003600ce0 method=java.io.DataInputStream.readFully([BII)V @ 34
Event: 35.467 Thread 0x00000000242ba800 Uncommon trap: reason=unstable_if action=reinterpret pc=0x000000000472e498 method=java.lang.Class.searchMethods([Ljava/lang/reflect/Method;Ljava/lang/String;[Ljava/lang/Class;)Ljava/lang/reflect/Method; @ 47
Event: 35.469 Thread 0x00000000242ba800 Uncommon trap: reason=unstable_if action=reinterpret pc=0x0000000004805078 method=org.springframework.util.ConcurrentReferenceHashMap$Segment.findInChain(Lorg/springframework/util/ConcurrentReferenceHashMap$Reference;Ljava/lang/Object;I)Lorg/springframewo
Event: 35.493 Thread 0x00000000242ba800 Uncommon trap: reason=unstable_if action=reinterpret pc=0x000000000482ac94 method=java.lang.Class$MethodArray.hasDefaults()Z @ 4
Event: 35.503 Thread 0x00000000242ba800 Uncommon trap: reason=unstable_if action=reinterpret pc=0x00000000034cc724 method=org.springframework.util.ConcurrentReferenceHashMap$Segment.findInChain(Lorg/springframework/util/ConcurrentReferenceHashMap$Reference;Ljava/lang/Object;I)Lorg/springframewo
Event: 35.532 Thread 0x00000000242ba800 Uncommon trap: reason=unstable_if action=reinterpret pc=0x0000000003ce2ab0 method=java.io.WinNTFileSystem.normalize(Ljava/lang/String;II)Ljava/lang/String; @ 155
Event: 35.532 Thread 0x00000000242ba800 Uncommon trap: reason=unstable_if action=reinterpret pc=0x0000000004388d40 method=java.io.WinNTFileSystem.resolve(Ljava/lang/String;Ljava/lang/String;)Ljava/lang/String; @ 36

Classes redefined (0 events):
No events

Internal exceptions (10 events):
Event: 34.721 Thread 0x00000000242ba800 Exception <a 'java/lang/ClassNotFoundException': com/pinyougou/search/service/impl/ItemSearchServiceImplBeanInfo> (0x000000077ac78d40) thrown at [C:\re\workspace\8-2-build-windows-amd64-cygwin\jdk8u171\10807\hotspot\src\share\vm\classfile\systemDictionary
Event: 34.722 Thread 0x00000000242ba800 Exception <a 'java/lang/ClassNotFoundException': com/pinyougou/search/service/impl/ItemSearchServiceImplCustomizer> (0x000000077aca0250) thrown at [C:\re\workspace\8-2-build-windows-amd64-cygwin\jdk8u171\10807\hotspot\src\share\vm\classfile\systemDictiona
Event: 34.724 Thread 0x00000000242ba800 Exception <a 'java/lang/ClassNotFoundException': com/pinyougou/search/service/ItemSearchServiceCustomizer> (0x000000077acc8810) thrown at [C:\re\workspace\8-2-build-windows-amd64-cygwin\jdk8u171\10807\hotspot\src\share\vm\classfile\systemDictionary.cpp, l
Event: 34.759 Thread 0x00000000242ba800 Exception <a 'java/lang/NoClassDefFoundError': io/netty/channel/EventLoopGroup> (0x000000077af27d30) thrown at [C:\re\workspace\8-2-build-windows-amd64-cygwin\jdk8u171\10807\hotspot\src\share\vm\classfile\systemDictionary.cpp, line 199]
Event: 34.767 Thread 0x00000000242ba800 Exception <a 'java/lang/NoClassDefFoundError': com/caucho/hessian/client/HessianConnectionFactory> (0x000000077af7e490) thrown at [C:\re\workspace\8-2-build-windows-amd64-cygwin\jdk8u171\10807\hotspot\src\share\vm\classfile\systemDictionary.cpp, line 199]
Event: 34.770 Thread 0x00000000242ba800 Exception <a 'java/lang/NoClassDefFoundError': org/apache/cxf/Bus> (0x000000077afbd440) thrown at [C:\re\workspace\8-2-build-windows-amd64-cygwin\jdk8u171\10807\hotspot\src\share\vm\classfile\systemDictionary.cpp, line 199]
Event: 34.772 Thread 0x00000000242ba800 Exception <a 'java/lang/NoClassDefFoundError': net/rubyeye/xmemcached/MemcachedClientBuilder> (0x000000077afebcb0) thrown at [C:\re\workspace\8-2-build-windows-amd64-cygwin\jdk8u171\10807\hotspot\src\share\vm\classfile\systemDictionary.cpp, line 199]
Event: 34.775 Thread 0x00000000242ba800 Exception <a 'java/lang/NoClassDefFoundError': org/jboss/resteasy/client/jaxrs/ClientHttpEngine> (0x000000077b01de10) thrown at [C:\re\workspace\8-2-build-windows-amd64-cygwin\jdk8u171\10807\hotspot\src\share\vm\classfile\systemDictionary.cpp, line 199]
Event: 35.189 Thread 0x00000000242ba800 Exception <a 'java/lang/NoClassDefFoundError': org/apache/thrift/TException> (0x000000076cc235a0) thrown at [C:\re\workspace\8-2-build-windows-amd64-cygwin\jdk8u171\10807\hotspot\src\share\vm\classfile\systemDictionary.cpp, line 199]
Event: 35.512 Thread 0x00000000242ba800 Exception <a 'java/io/FileNotFoundException'> (0x000000076ede7e58) thrown at [C:\re\workspace\8-2-build-windows-amd64-cygwin\jdk8u171\10807\hotspot\src\share\vm\prims\jni.cpp, line 709]

Events (10 events):
Event: 3785.903 Thread 0x000000001eca0000 flushing nmethod 0x00000000042cc790
Event: 3785.903 Thread 0x000000001eca0000 flushing nmethod 0x00000000042e3190
Event: 3785.903 Thread 0x000000001eca0000 flushing nmethod 0x00000000042fcc50
Event: 3785.903 Thread 0x000000001eca0000 flushing nmethod 0x0000000004386f50
Event: 3785.905 Thread 0x000000001eca0000 flushing nmethod 0x0000000004713ed0
Event: 3785.905 Thread 0x000000001eca0000 flushing nmethod 0x0000000004717f50
Event: 3785.905 Thread 0x000000001eca0000 flushing nmethod 0x000000000472de90
Event: 3785.906 Thread 0x000000001eca0000 flushing nmethod 0x0000000004804d90
Event: 3785.906 Thread 0x000000001eca0000 flushing nmethod 0x0000000004815610
Event: 3785.906 Thread 0x000000001eca0000 flushing nmethod 0x000000000482ab10


Dynamic libraries:
0x00007ff6db940000 - 0x00007ff6db977000 	D:\soft\Java\jdk-1.8\bin\java.exe
0x00007ffaed5f0000 - 0x00007ffaed7e5000 	C:\WINDOWS\SYSTEM32\ntdll.dll
0x00007ffaebe20000 - 0x00007ffaebedd000 	C:\WINDOWS\System32\KERNEL32.DLL
0x00007ffaeaff0000 - 0x00007ffaeb2b8000 	C:\WINDOWS\System32\KERNELBASE.dll
0x00007ffaecd40000 - 0x00007ffaecdec000 	C:\WINDOWS\System32\ADVAPI32.dll
0x00007ffaece80000 - 0x00007ffaecf1e000 	C:\WINDOWS\System32\msvcrt.dll
0x00007ffaecf30000 - 0x00007ffaecfcb000 	C:\WINDOWS\System32\sechost.dll
0x00007ffaecc00000 - 0x00007ffaecd2b000 	C:\WINDOWS\System32\RPCRT4.dll
0x00007ffaebc80000 - 0x00007ffaebe20000 	C:\WINDOWS\System32\USER32.dll
0x00007ffaeac60000 - 0x00007ffaeac82000 	C:\WINDOWS\System32\win32u.dll
0x00007ffaed4a0000 - 0x00007ffaed4ca000 	C:\WINDOWS\System32\GDI32.dll
0x00007ffaead70000 - 0x00007ffaeae7b000 	C:\WINDOWS\System32\gdi32full.dll
0x00007ffaeabc0000 - 0x00007ffaeac5d000 	C:\WINDOWS\System32\msvcp_win.dll
0x00007ffaeaac0000 - 0x00007ffaeabc0000 	C:\WINDOWS\System32\ucrtbase.dll
0x00007ffad50e0000 - 0x00007ffad537a000 	C:\WINDOWS\WinSxS\amd64_microsoft.windows.common-controls_6595b64144ccf1df_6.0.19041.1052_none_60b8f8fd71f5e8cb\COMCTL32.dll
0x00007ffaec1a0000 - 0x00007ffaec1d0000 	C:\WINDOWS\System32\IMM32.DLL
0x0000000067bf0000 - 0x0000000067cc2000 	D:\soft\Java\jdk-1.8\jre\bin\msvcr100.dll
0x0000000067350000 - 0x0000000067bf0000 	D:\soft\Java\jdk-1.8\jre\bin\server\jvm.dll
0x00007ffaecb70000 - 0x00007ffaecb78000 	C:\WINDOWS\System32\PSAPI.DLL
0x00007ffacfe90000 - 0x00007ffacfe99000 	C:\WINDOWS\SYSTEM32\WSOCK32.dll
0x00007ffad00a0000 - 0x00007ffad00c7000 	C:\WINDOWS\SYSTEM32\WINMM.dll
0x00007ffaec7a0000 - 0x00007ffaec80b000 	C:\WINDOWS\System32\WS2_32.dll
0x00007ffad8cc0000 - 0x00007ffad8cca000 	C:\WINDOWS\SYSTEM32\VERSION.dll
0x0000000067340000 - 0x000000006734f000 	D:\soft\Java\jdk-1.8\jre\bin\verify.dll
0x0000000067310000 - 0x0000000067339000 	D:\soft\Java\jdk-1.8\jre\bin\java.dll
0x0000000066cf0000 - 0x0000000066d13000 	D:\soft\Java\jdk-1.8\jre\bin\instrument.dll
0x00000000672f0000 - 0x0000000067306000 	D:\soft\Java\jdk-1.8\jre\bin\zip.dll
0x00007ffaeb4a0000 - 0x00007ffaebbdf000 	C:\WINDOWS\System32\SHELL32.dll
0x00007ffae5870000 - 0x00007ffae6000000 	C:\WINDOWS\SYSTEM32\windows.storage.dll
0x00007ffaec810000 - 0x00007ffaecb65000 	C:\WINDOWS\System32\combase.dll
0x00007ffaea430000 - 0x00007ffaea45c000 	C:\WINDOWS\SYSTEM32\Wldp.dll
0x00007ffaec1d0000 - 0x00007ffaec27e000 	C:\WINDOWS\System32\SHCORE.dll
0x00007ffaec300000 - 0x00007ffaec355000 	C:\WINDOWS\System32\shlwapi.dll
0x00007ffaea900000 - 0x00007ffaea91f000 	C:\WINDOWS\SYSTEM32\profapi.dll
0x00007ffae3510000 - 0x00007ffae352a000 	D:\soft\IntelliJ IDEA 2019.1.3\bin\breakgen64.dll
0x00000000672d0000 - 0x00000000672ea000 	D:\soft\Java\jdk-1.8\jre\bin\net.dll
0x00007ffaea1a0000 - 0x00007ffaea20a000 	C:\WINDOWS\system32\mswsock.dll
0x00007ffaea370000 - 0x00007ffaea388000 	C:\WINDOWS\SYSTEM32\CRYPTSP.dll
0x00007ffae9b20000 - 0x00007ffae9b54000 	C:\WINDOWS\system32\rsaenh.dll
0x00007ffaead40000 - 0x00007ffaead67000 	C:\WINDOWS\System32\bcrypt.dll
0x00007ffaea880000 - 0x00007ffaea8ae000 	C:\WINDOWS\SYSTEM32\USERENV.dll
0x00007ffaeaf00000 - 0x00007ffaeaf83000 	C:\WINDOWS\System32\bcryptprimitives.dll
0x00007ffaea390000 - 0x00007ffaea39c000 	C:\WINDOWS\SYSTEM32\CRYPTBASE.dll
0x00007ffae9e90000 - 0x00007ffae9ecb000 	C:\WINDOWS\SYSTEM32\IPHLPAPI.DLL
0x00007ffaecd30000 - 0x00007ffaecd38000 	C:\WINDOWS\System32\NSI.dll
0x00007ffae56e0000 - 0x00007ffae56f7000 	C:\WINDOWS\SYSTEM32\dhcpcsvc6.DLL
0x00007ffae56c0000 - 0x00007ffae56dd000 	C:\WINDOWS\SYSTEM32\dhcpcsvc.DLL
0x00007ffae9ed0000 - 0x00007ffae9f9c000 	C:\WINDOWS\SYSTEM32\DNSAPI.dll
0x00000000672b0000 - 0x00000000672c1000 	D:\soft\Java\jdk-1.8\jre\bin\nio.dll
0x00007ffae1bd0000 - 0x00007ffae1bda000 	C:\Users\travelsky\AppData\Local\Temp\jansi-1.17.1-3755657463872677026.dll
0x00007ffad4cf0000 - 0x00007ffad4cfa000 	C:\Users\travelsky\AppData\Local\Temp\jansi-1.17.1-40436789723108163.dll
0x0000000066ce0000 - 0x0000000066ced000 	D:\soft\Java\jdk-1.8\jre\bin\management.dll
0x0000000066cb0000 - 0x0000000066cd4000 	D:\soft\Java\jdk-1.8\jre\bin\sunec.dll
0x00007ffacec80000 - 0x00007ffacecaf000 	C:\Program Files (x86)\Sangfor\SSL\ClientComponent2\SangforNspX64.dll
0x00007ffaec510000 - 0x00007ffaec63a000 	C:\WINDOWS\System32\ole32.dll
0x00007ffaec0b0000 - 0x00007ffaec17d000 	C:\WINDOWS\System32\OLEAUT32.dll
0x00007ffaceb80000 - 0x00007ffaceb97000 	C:\WINDOWS\system32\napinsp.dll
0x00007ffacec60000 - 0x00007ffacec7b000 	C:\WINDOWS\system32\pnrpnsp.dll
0x00007ffacec40000 - 0x00007ffacec55000 	C:\WINDOWS\system32\wshbth.dll
0x00007ffae3280000 - 0x00007ffae329d000 	C:\WINDOWS\system32\NLAapi.dll
0x00007ffacec20000 - 0x00007ffacec32000 	C:\WINDOWS\System32\winrnr.dll
0x00007ffadba90000 - 0x00007ffadba9a000 	C:\Windows\System32\rasadhlp.dll
0x00007ffad8d30000 - 0x00007ffad8daf000 	C:\WINDOWS\System32\fwpuclnt.dll

VM Arguments:
jvm_args: -Dmaven.multiModuleProjectDirectory=E:\project-one\project-one\pinyougou\pinyougou-search\pinyougou-search-service -Dmaven.home=D:\soft\apache-maven-3.6.1 -Dclassworlds.conf=D:\soft\apache-maven-3.6.1\bin\m2.conf -javaagent:D:\soft\IntelliJ IDEA 2019.1.3\lib\idea_rt.jar=50866:D:\soft\IntelliJ IDEA 2019.1.3\bin -Dfile.encoding=UTF-8 
java_command: org.codehaus.classworlds.Launcher -Didea.version2019.1.3 -s D:\soft\apache-maven-3.6.1\conf\settings.xml -Dmaven.repo.local=D:\soft\apache-maven-3.6.1\LocalWareHouse tomcat7:run
java_class_path (initial): D:\soft\apache-maven-3.6.1\boot\plexus-classworlds-2.6.0.jar;D:\soft\IntelliJ IDEA 2019.1.3\lib\idea_rt.jar
Launcher Type: SUN_STANDARD

Environment Variables:
JAVA_HOME=D:\soft\Java\jdk1.7.0_79
CLASSPATH=D:\TRPFile\apache-ant-1.9.7\bin;
PATH=D:\soft\vmware\bin\;D:\soft\oracle\oracle2\bin;D:\soft\oracle\oracle\bin;D:\soft\oracle\product2\bin;D:\soft\oracle\product\bin;D:\soft\Java\jdk1.7.0_79\bin;D:\soft\Java\jdk1.7.0_79\jre\bin;C:\ProgramData\Oracle\Java\javapath;D:\soft\apache-maven-3.6.1\bin;D:\oracle\product\10.2.0\db_1\bin;C:\WINDOWS\system32;C:\WINDOWS;C:\WINDOWS\System32\Wbem;C:\WINDOWS\System32\WindowsPowerShell\v1.0\;C:\WINDOWS\System32\OpenSSH\;C:\Program Files\Intel\WiFi\bin\;C:\Program Files\Common Files\Intel\WirelessCommon\;D:\soft\Git\cmd;C:\Program Files (x86)\Intel\Intel(R) Management Engine Components\DAL;C:\Program Files\Intel\Intel(R) Management Engine Components\DAL;D:\soft\gradle-4.3.1\bin;E:\Linux\nodejs\;D:\soft\gauge\bin;D:\soft\instantclient_12_1;%ORACLE_HOME\BIN%;C:\Users\travelsky\AppData\Local\Microsoft\WindowsApps;D:\soft\Java\jdk1.7.0_79\bin;C:\Users\travelsky\AppData\Local\BypassRuntm;C:\Users\travelsky\AppData\Roaming\npm;C:\Users\travelsky\AppData\Local\Microsoft\WindowsApps;D:\soft\Microsoft VS Code\bin;E:\Linux\nodejs\node_global;E:\Linux\nodejs\node_modules;D:\TRPFile\apache-ant-1.9.7\bin;
USERNAME=travelsky
OS=Windows_NT
PROCESSOR_IDENTIFIER=Intel64 Family 6 Model 142 Stepping 10, GenuineIntel



---------------  S Y S T E M  ---------------

OS: Windows 10.0 , 64 bit Build 19041 (10.0.19041.1023)

CPU:total 8 (initial active 8) (4 cores per cpu, 2 threads per core) family 6 model 142 stepping 10, cmov, cx8, fxsr, mmx, sse, sse2, sse3, ssse3, sse4.1, sse4.2, popcnt, avx, avx2, aes, clmul, erms, 3dnowpref, lzcnt, ht, tsc, tscinvbit, bmi1, bmi2, adx

Memory: 4k page, physical 16616664k(3940764k free), swap 27103060k(2976k free)

vm_info: Java HotSpot(TM) 64-Bit Server VM (25.171-b11) for windows-amd64 JRE (1.8.0_171-b11), built on Mar 28 2018 16:06:12 by "java_re" with MS VC++ 10.0 (VS2010)

time: Wed Jun 30 16:31:46 2021
elapsed time: 5506 seconds (0d 1h 31m 46s)

