#
# There is insufficient memory for the Java Runtime Environment to continue.
# Native memory allocation (malloc) failed to allocate 163760 bytes for Chunk::new
# Possible reasons:
#   The system is out of physical RAM or swap space
#   In 32 bit mode, the process size limit was hit
# Possible solutions:
#   Reduce memory load on the system
#   Increase physical memory or swap space
#   Check if swap backing store is full
#   Use 64 bit Java on a 64 bit OS
#   Decrease Java heap size (-Xmx/-Xms)
#   Decrease number of Java threads
#   Decrease Java thread stack sizes (-Xss)
#   Set larger code cache with -XX:ReservedCodeCacheSize=
# This output file may be truncated or incomplete.
#
#  Out of Memory Error (allocation.cpp:390), pid=32164, tid=0x0000000000004ef4
#
# JRE version: Java(TM) SE Runtime Environment (8.0_171-b11) (build 1.8.0_171-b11)
# Java VM: Java HotSpot(TM) 64-Bit Server VM (25.171-b11 mixed mode windows-amd64 compressed oops)
# Failed to write core dump. Minidumps are not enabled by default on client versions of Windows
#

---------------  T H R E A D  ---------------

Current thread (0x000000001e9e4000):  JavaThread "C2 CompilerThread0" daemon [_thread_in_native, id=20212, stack(0x000000001f180000,0x000000001f280000)]

Stack: [0x000000001f180000,0x000000001f280000]
[error occurred during error reporting (printing stack bounds), id 0xc0000005]

Native frames: (J=compiled Java code, j=interpreted, Vv=VM code, C=native code)


Current CompileTask:
C2:  27185 5603       4       com.sun.org.apache.xerces.internal.parsers.XML11Configuration::getPropertyState (23 bytes)


---------------  P R O C E S S  ---------------

Java Threads: ( => current thread )
  0x00000000297c5000 JavaThread "Thread-3" daemon [_thread_in_native, id=5380, stack(0x0000000024fb0000,0x00000000250b0000)]
  0x000000001fab3800 JavaThread "localhost-startStop-1" daemon [_thread_in_native, id=26080, stack(0x0000000024cb0000,0x0000000024db0000)]
  0x0000000020457800 JavaThread "Tomcat-startStop-1" daemon [_thread_blocked, id=30816, stack(0x0000000024bb0000,0x0000000024cb0000)]
  0x000000001ea8d000 JavaThread "Service Thread" daemon [_thread_blocked, id=14168, stack(0x000000001f580000,0x000000001f680000)]
  0x000000001ea10000 JavaThread "C1 CompilerThread3" daemon [_thread_blocked, id=17072, stack(0x000000001f480000,0x000000001f580000)]
  0x000000001e9f5800 JavaThread "C2 CompilerThread2" daemon [_thread_blocked, id=24800, stack(0x000000001f380000,0x000000001f480000)]
  0x000000001e9e7800 JavaThread "C2 CompilerThread1" daemon [_thread_in_native, id=21540, stack(0x000000001f280000,0x000000001f380000)]
=>0x000000001e9e4000 JavaThread "C2 CompilerThread0" daemon [_thread_in_native, id=20212, stack(0x000000001f180000,0x000000001f280000)]
  0x000000001e9c0800 JavaThread "Monitor Ctrl-Break" daemon [_thread_in_native, id=25676, stack(0x000000001f080000,0x000000001f180000)]
  0x000000001e958800 JavaThread "Attach Listener" daemon [_thread_blocked, id=26048, stack(0x000000001ef80000,0x000000001f080000)]
  0x000000001e9b3800 JavaThread "Signal Dispatcher" daemon [_thread_blocked, id=29264, stack(0x000000001ee80000,0x000000001ef80000)]
  0x000000001e940800 JavaThread "Finalizer" daemon [_thread_blocked, id=14968, stack(0x000000001ed20000,0x000000001ee20000)]
  0x0000000003069000 JavaThread "Reference Handler" daemon [_thread_blocked, id=15208, stack(0x000000001e820000,0x000000001e920000)]
  0x0000000002f73000 JavaThread "main" [_thread_blocked, id=25668, stack(0x0000000002ce0000,0x0000000002de0000)]

Other Threads:
  0x000000001ca19000 VMThread [stack: 0x000000001e720000,0x000000001e820000] [id=9248]
  0x000000001ea9c000 WatcherThread [stack: 0x000000001f680000,0x000000001f780000] [id=32924]

VM state:not at safepoint (normal execution)

VM Mutex/Monitor currently owned by a thread: None

Heap:
 PSYoungGen      total 476672K, used 96107K [0x000000076b780000, 0x0000000798200000, 0x00000007c0000000)
  eden space 432640K, 22% used [0x000000076b780000,0x000000077155ada8,0x0000000785e00000)
  from space 44032K, 0% used [0x0000000785e00000,0x0000000785e00000,0x0000000788900000)
  to   space 46080K, 0% used [0x0000000795500000,0x0000000795500000,0x0000000798200000)
 ParOldGen       total 90624K, used 46875K [0x00000006c2600000, 0x00000006c7e80000, 0x000000076b780000)
  object space 90624K, 51% used [0x00000006c2600000,0x00000006c53c6ce8,0x00000006c7e80000)
 Metaspace       used 36303K, capacity 37026K, committed 37288K, reserved 1081344K
  class space    used 4260K, capacity 4467K, committed 4528K, reserved 1048576K

Card table byte_map: [0x0000000012430000,0x0000000012c20000] byte_map_base: 0x000000000ee1d000

Marking Bits: (ParMarkBitMap*) 0x00000000726c08c0
 Begin Bits: [0x0000000013970000, 0x00000000178d8000)
 End Bits:   [0x00000000178d8000, 0x000000001b840000)

Polling page: 0x0000000000c80000

CodeCache: size=245760Kb used=17682Kb max_used=18400Kb free=228078Kb
 bounds [0x0000000003070000, 0x0000000004280000, 0x0000000012070000]
 total_blobs=5294 nmethods=4830 adapters=376
 compilation: enabled

Compilation events (10 events):
Event: 27.159 Thread 0x000000001ea10000 5627       3       sun.reflect.Reflection::isSubclassOf (21 bytes)
Event: 27.160 Thread 0x000000001ea10000 nmethod 5627 0x0000000003b26f10 code [0x0000000003b27080, 0x0000000003b27368]
Event: 27.160 Thread 0x000000001ea10000 5624       3       org.apache.log4j.Category::forcedLog (18 bytes)
Event: 27.160 Thread 0x000000001ea10000 nmethod 5624 0x0000000003243e90 code [0x0000000003244000, 0x00000000032442d8]
Event: 27.160 Thread 0x000000001ea10000 5626       1       org.springframework.beans.factory.support.AbstractBeanDefinition::getMethodOverrides (5 bytes)
Event: 27.160 Thread 0x000000001ea10000 nmethod 5626 0x0000000003230c50 code [0x0000000003230da0, 0x0000000003230eb0]
Event: 27.170 Thread 0x000000001ea10000 5628       3       java.util.Date::getTime (5 bytes)
Event: 27.171 Thread 0x000000001ea10000 nmethod 5628 0x0000000003416450 code [0x00000000034165c0, 0x00000000034168e8]
Event: 27.171 Thread 0x000000001ea10000 5629       3       java.util.Date::getTimeImpl (27 bytes)
Event: 27.171 Thread 0x000000001ea10000 nmethod 5629 0x0000000003486e10 code [0x0000000003486f80, 0x0000000003487248]

GC Heap History (10 events):
Event: 15.010 GC heap before
{Heap before GC invocations=7 (full 1):
 PSYoungGen      total 140800K, used 130048K [0x000000076b780000, 0x000000077d380000, 0x00000007c0000000)
  eden space 130048K, 100% used [0x000000076b780000,0x0000000773680000,0x0000000773680000)
  from space 10752K, 0% used [0x0000000773680000,0x0000000773680000,0x0000000774100000)
  to   space 15360K, 0% used [0x000000077c480000,0x000000077c480000,0x000000077d380000)
 ParOldGen       total 90624K, used 12990K [0x00000006c2600000, 0x00000006c7e80000, 0x000000076b780000)
  object space 90624K, 14% used [0x00000006c2600000,0x00000006c32afbd8,0x00000006c7e80000)
 Metaspace       used 24166K, capacity 24730K, committed 25008K, reserved 1071104K
  class space    used 2796K, capacity 2936K, committed 2992K, reserved 1048576K
Event: 15.054 GC heap after
Heap after GC invocations=7 (full 1):
 PSYoungGen      total 255488K, used 15343K [0x000000076b780000, 0x000000077d380000, 0x00000007c0000000)
  eden space 240128K, 0% used [0x000000076b780000,0x000000076b780000,0x000000077a200000)
  from space 15360K, 99% used [0x000000077c480000,0x000000077d37bef0,0x000000077d380000)
  to   space 19968K, 0% used [0x000000077ac80000,0x000000077ac80000,0x000000077c000000)
 ParOldGen       total 90624K, used 18226K [0x00000006c2600000, 0x00000006c7e80000, 0x000000076b780000)
  object space 90624K, 20% used [0x00000006c2600000,0x00000006c37ccb20,0x00000006c7e80000)
 Metaspace       used 24166K, capacity 24730K, committed 25008K, reserved 1071104K
  class space    used 2796K, capacity 2936K, committed 2992K, reserved 1048576K
}
Event: 17.387 GC heap before
{Heap before GC invocations=8 (full 1):
 PSYoungGen      total 255488K, used 255471K [0x000000076b780000, 0x000000077d380000, 0x00000007c0000000)
  eden space 240128K, 100% used [0x000000076b780000,0x000000077a200000,0x000000077a200000)
  from space 15360K, 99% used [0x000000077c480000,0x000000077d37bef0,0x000000077d380000)
  to   space 19968K, 0% used [0x000000077ac80000,0x000000077ac80000,0x000000077c000000)
 ParOldGen       total 90624K, used 18226K [0x00000006c2600000, 0x00000006c7e80000, 0x000000076b780000)
  object space 90624K, 20% used [0x00000006c2600000,0x00000006c37ccb20,0x00000006c7e80000)
 Metaspace       used 24188K, capacity 24762K, committed 25008K, reserved 1071104K
  class space    used 2798K, capacity 2968K, committed 2992K, reserved 1048576K
Event: 17.546 GC heap after
Heap after GC invocations=8 (full 1):
 PSYoungGen      total 270848K, used 19950K [0x000000076b780000, 0x000000078a880000, 0x00000007c0000000)
  eden space 250880K, 0% used [0x000000076b780000,0x000000076b780000,0x000000077ac80000)
  from space 19968K, 99% used [0x000000077ac80000,0x000000077bffba20,0x000000077c000000)
  to   space 32256K, 0% used [0x0000000788900000,0x0000000788900000,0x000000078a880000)
 ParOldGen       total 90624K, used 38031K [0x00000006c2600000, 0x00000006c7e80000, 0x000000076b780000)
  object space 90624K, 41% used [0x00000006c2600000,0x00000006c4b23cc8,0x00000006c7e80000)
 Metaspace       used 24188K, capacity 24762K, committed 25008K, reserved 1071104K
  class space    used 2798K, capacity 2968K, committed 2992K, reserved 1048576K
}
Event: 21.093 GC heap before
{Heap before GC invocations=9 (full 1):
 PSYoungGen      total 270848K, used 270830K [0x000000076b780000, 0x000000078a880000, 0x00000007c0000000)
  eden space 250880K, 100% used [0x000000076b780000,0x000000077ac80000,0x000000077ac80000)
  from space 19968K, 99% used [0x000000077ac80000,0x000000077bffba20,0x000000077c000000)
  to   space 32256K, 0% used [0x0000000788900000,0x0000000788900000,0x000000078a880000)
 ParOldGen       total 90624K, used 38031K [0x00000006c2600000, 0x00000006c7e80000, 0x000000076b780000)
  object space 90624K, 41% used [0x00000006c2600000,0x00000006c4b23cc8,0x00000006c7e80000)
 Metaspace       used 24191K, capacity 24826K, committed 25008K, reserved 1071104K
  class space    used 2798K, capacity 2968K, committed 2992K, reserved 1048576K
Event: 21.191 GC heap after
Heap after GC invocations=9 (full 1):
 PSYoungGen      total 464896K, used 32231K [0x000000076b780000, 0x000000078ce80000, 0x00000007c0000000)
  eden space 432640K, 0% used [0x000000076b780000,0x000000076b780000,0x0000000785e00000)
  from space 32256K, 99% used [0x0000000788900000,0x000000078a879c60,0x000000078a880000)
  to   space 44032K, 0% used [0x0000000785e00000,0x0000000785e00000,0x0000000788900000)
 ParOldGen       total 90624K, used 53123K [0x00000006c2600000, 0x00000006c7e80000, 0x000000076b780000)
  object space 90624K, 58% used [0x00000006c2600000,0x00000006c59e0e70,0x00000006c7e80000)
 Metaspace       used 24191K, capacity 24826K, committed 25008K, reserved 1071104K
  class space    used 2798K, capacity 2968K, committed 2992K, reserved 1048576K
}
Event: 25.695 GC heap before
{Heap before GC invocations=10 (full 1):
 PSYoungGen      total 464896K, used 281523K [0x000000076b780000, 0x000000078ce80000, 0x00000007c0000000)
  eden space 432640K, 57% used [0x000000076b780000,0x000000077aaf32b8,0x0000000785e00000)
  from space 32256K, 99% used [0x0000000788900000,0x000000078a879c60,0x000000078a880000)
  to   space 44032K, 0% used [0x0000000785e00000,0x0000000785e00000,0x0000000788900000)
 ParOldGen       total 90624K, used 53123K [0x00000006c2600000, 0x00000006c7e80000, 0x000000076b780000)
  object space 90624K, 58% used [0x00000006c2600000,0x00000006c59e0e70,0x00000006c7e80000)
 Metaspace       used 34646K, capacity 35314K, committed 35496K, reserved 1081344K
  class space    used 4071K, capacity 4267K, committed 4272K, reserved 1048576K
Event: 25.731 GC heap after
Heap after GC invocations=10 (full 1):
 PSYoungGen      total 476672K, used 32506K [0x000000076b780000, 0x0000000798200000, 0x00000007c0000000)
  eden space 432640K, 0% used [0x000000076b780000,0x000000076b780000,0x0000000785e00000)
  from space 44032K, 73% used [0x0000000785e00000,0x0000000787dbe830,0x0000000788900000)
  to   space 46080K, 0% used [0x0000000795500000,0x0000000795500000,0x0000000798200000)
 ParOldGen       total 90624K, used 56133K [0x00000006c2600000, 0x00000006c7e80000, 0x000000076b780000)
  object space 90624K, 61% used [0x00000006c2600000,0x00000006c5cd1518,0x00000006c7e80000)
 Metaspace       used 34646K, capacity 35314K, committed 35496K, reserved 1081344K
  class space    used 4071K, capacity 4267K, committed 4272K, reserved 1048576K
}
Event: 25.731 GC heap before
{Heap before GC invocations=11 (full 2):
 PSYoungGen      total 476672K, used 32506K [0x000000076b780000, 0x0000000798200000, 0x00000007c0000000)
  eden space 432640K, 0% used [0x000000076b780000,0x000000076b780000,0x0000000785e00000)
  from space 44032K, 73% used [0x0000000785e00000,0x0000000787dbe830,0x0000000788900000)
  to   space 46080K, 0% used [0x0000000795500000,0x0000000795500000,0x0000000798200000)
 ParOldGen       total 90624K, used 56133K [0x00000006c2600000, 0x00000006c7e80000, 0x000000076b780000)
  object space 90624K, 61% used [0x00000006c2600000,0x00000006c5cd1518,0x00000006c7e80000)
 Metaspace       used 34646K, capacity 35314K, committed 35496K, reserved 1081344K
  class space    used 4071K, capacity 4267K, committed 4272K, reserved 1048576K
Event: 25.826 GC heap after
Heap after GC invocations=11 (full 2):
 PSYoungGen      total 476672K, used 0K [0x000000076b780000, 0x0000000798200000, 0x00000007c0000000)
  eden space 432640K, 0% used [0x000000076b780000,0x000000076b780000,0x0000000785e00000)
  from space 44032K, 0% used [0x0000000785e00000,0x0000000785e00000,0x0000000788900000)
  to   space 46080K, 0% used [0x0000000795500000,0x0000000795500000,0x0000000798200000)
 ParOldGen       total 90624K, used 46875K [0x00000006c2600000, 0x00000006c7e80000, 0x000000076b780000)
  object space 90624K, 51% used [0x00000006c2600000,0x00000006c53c6ce8,0x00000006c7e80000)
 Metaspace       used 34646K, capacity 35314K, committed 35496K, reserved 1081344K
  class space    used 4071K, capacity 4267K, committed 4272K, reserved 1048576K
}

Deoptimization events (10 events):
Event: 26.085 Thread 0x000000001fab3800 Uncommon trap: reason=class_check action=maybe_recompile pc=0x0000000003ceec88 method=java.lang.reflect.Field.getAnnotation(Ljava/lang/Class;)Ljava/lang/annotation/Annotation; @ 19
Event: 26.292 Thread 0x000000001fab3800 Uncommon trap: reason=predicate action=maybe_recompile pc=0x00000000041767bc method=java.util.AbstractCollection.toArray([Ljava/lang/Object;)[Ljava/lang/Object; @ 49
Event: 26.304 Thread 0x000000001fab3800 Uncommon trap: reason=array_check action=maybe_recompile pc=0x000000000417fd74 method=java.util.AbstractCollection.toArray([Ljava/lang/Object;)[Ljava/lang/Object; @ 119
Event: 26.304 Thread 0x000000001fab3800 Uncommon trap: reason=array_check action=maybe_recompile pc=0x000000000417fd74 method=java.util.AbstractCollection.toArray([Ljava/lang/Object;)[Ljava/lang/Object; @ 119
Event: 26.304 Thread 0x000000001fab3800 Uncommon trap: reason=array_check action=maybe_recompile pc=0x000000000417fd74 method=java.util.AbstractCollection.toArray([Ljava/lang/Object;)[Ljava/lang/Object; @ 119
Event: 26.316 Thread 0x000000001fab3800 Uncommon trap: reason=array_check action=maybe_recompile pc=0x000000000417fd74 method=java.util.AbstractCollection.toArray([Ljava/lang/Object;)[Ljava/lang/Object; @ 119
Event: 26.731 Thread 0x000000001fab3800 Uncommon trap: reason=unstable_if action=reinterpret pc=0x0000000004206800 method=org.springframework.core.ResolvableType.getInterfaces()[Lorg/springframework/core/ResolvableType; @ 27
Event: 26.889 Thread 0x000000001fab3800 Uncommon trap: reason=unstable_if action=reinterpret pc=0x000000000415c97c method=com.sun.org.apache.xerces.internal.impl.XMLEntityScanner.scanLiteral(ILcom/sun/org/apache/xerces/internal/xni/XMLString;Z)I @ 44
Event: 27.175 Thread 0x000000001fab3800 Uncommon trap: reason=unstable_if action=reinterpret pc=0x00000000038d8764 method=java.util.WeakHashMap.eq(Ljava/lang/Object;Ljava/lang/Object;)Z @ 10
Event: 27.175 Thread 0x000000001fab3800 Uncommon trap: reason=unstable_if action=reinterpret pc=0x0000000003d63e3c method=java.util.WeakHashMap.eq(Ljava/lang/Object;Ljava/lang/Object;)Z @ 10

Classes redefined (0 events):
No events

Internal exceptions (10 events):
Event: 27.146 Thread 0x000000001fab3800 Exception <a 'java/lang/ClassNotFoundException': org/springframework/beans/factory/SmartInitializingSingletonCustomizer> (0x0000000771071c30) thrown at [C:\re\workspace\8-2-build-windows-amd64-cygwin\jdk8u171\10807\hotspot\src\share\vm\classfile\systemDic
Event: 27.148 Thread 0x000000001fab3800 Exception <a 'java/lang/ClassNotFoundException': org/springframework/context/ApplicationContextAwareCustomizer> (0x00000007710973f0) thrown at [C:\re\workspace\8-2-build-windows-amd64-cygwin\jdk8u171\10807\hotspot\src\share\vm\classfile\systemDictionary.c
Event: 27.153 Thread 0x000000001fab3800 Exception <a 'java/lang/ClassNotFoundException': org/springframework/context/event/DefaultEventListenerFactoryBeanInfo> (0x00000007710c6898) thrown at [C:\re\workspace\8-2-build-windows-amd64-cygwin\jdk8u171\10807\hotspot\src\share\vm\classfile\systemDict
Event: 27.155 Thread 0x000000001fab3800 Exception <a 'java/lang/ClassNotFoundException': org/springframework/context/event/DefaultEventListenerFactoryCustomizer> (0x00000007710eea08) thrown at [C:\re\workspace\8-2-build-windows-amd64-cygwin\jdk8u171\10807\hotspot\src\share\vm\classfile\systemDi
Event: 27.157 Thread 0x000000001fab3800 Exception <a 'java/lang/ClassNotFoundException': org/springframework/context/event/EventListenerFactoryCustomizer> (0x000000077111bb30) thrown at [C:\re\workspace\8-2-build-windows-amd64-cygwin\jdk8u171\10807\hotspot\src\share\vm\classfile\systemDictionar
Event: 27.159 Thread 0x000000001fab3800 Exception <a 'java/lang/ClassNotFoundException': org/springframework/core/OrderedCustomizer> (0x000000077113c068) thrown at [C:\re\workspace\8-2-build-windows-amd64-cygwin\jdk8u171\10807\hotspot\src\share\vm\classfile\systemDictionary.cpp, line 210]
Event: 27.172 Thread 0x000000001fab3800 Exception <a 'java/lang/ClassNotFoundException': com/pinyougou/sellergoods/service/impl/BrandServiceImplBeanInfo> (0x00000007711af3a8) thrown at [C:\re\workspace\8-2-build-windows-amd64-cygwin\jdk8u171\10807\hotspot\src\share\vm\classfile\systemDictionary
Event: 27.173 Thread 0x000000001fab3800 Exception <a 'java/lang/ClassNotFoundException': com/pinyougou/sellergoods/service/impl/BaseServiceImplBeanInfo> (0x00000007711d41f0) thrown at [C:\re\workspace\8-2-build-windows-amd64-cygwin\jdk8u171\10807\hotspot\src\share\vm\classfile\systemDictionary.
Event: 27.175 Thread 0x000000001fab3800 Exception <a 'java/lang/ClassNotFoundException': com/pinyougou/sellergoods/service/impl/BaseServiceImplCustomizer> (0x00000007711f9e00) thrown at [C:\re\workspace\8-2-build-windows-amd64-cygwin\jdk8u171\10807\hotspot\src\share\vm\classfile\systemDictionar
Event: 27.179 Thread 0x000000001fab3800 Exception <a 'java/lang/ClassNotFoundException': com/pinyougou/sellergoods/service/impl/BrandServiceImplCustomizer> (0x00000007712276f8) thrown at [C:\re\workspace\8-2-build-windows-amd64-cygwin\jdk8u171\10807\hotspot\src\share\vm\classfile\systemDictiona

Events (10 events):
Event: 27.179 loading class com/pinyougou/sellergoods/service/impl/BrandServiceImplCustomizer
Event: 27.179 loading class com/pinyougou/sellergoods/service/impl/BrandServiceImplCustomizer done
Event: 27.179 loading class com/pinyougou/sellergoods/service/impl/BrandServiceImplCustomizer
Event: 27.179 loading class com/pinyougou/sellergoods/service/impl/BrandServiceImplCustomizer done
Event: 27.180 loading class com/pinyougou/sellergoods/service/BrandServiceCustomizer
Event: 27.180 loading class com/pinyougou/sellergoods/service/BrandServiceCustomizer done
Event: 27.181 loading class com/pinyougou/sellergoods/service/BrandServiceCustomizer
Event: 27.181 loading class com/pinyougou/sellergoods/service/BrandServiceCustomizer done
Event: 27.181 loading class com/pinyougou/sellergoods/service/BrandServiceCustomizer
Event: 27.181 loading class com/pinyougou/sellergoods/service/BrandServiceCustomizer done


Dynamic libraries:
0x00007ff79d7d0000 - 0x00007ff79d807000 	D:\soft\Java\jdk-1.8\bin\java.exe
0x00007ff84c640000 - 0x00007ff84c830000 	C:\WINDOWS\SYSTEM32\ntdll.dll
0x00007ff84b250000 - 0x00007ff84b302000 	C:\WINDOWS\System32\KERNEL32.DLL
0x00007ff8495b0000 - 0x00007ff849855000 	C:\WINDOWS\System32\KERNELBASE.dll
0x00007ff84b950000 - 0x00007ff84b9f3000 	C:\WINDOWS\System32\ADVAPI32.dll
0x00007ff84b390000 - 0x00007ff84b42e000 	C:\WINDOWS\System32\msvcrt.dll
0x00007ff84c4d0000 - 0x00007ff84c567000 	C:\WINDOWS\System32\sechost.dll
0x00007ff84b830000 - 0x00007ff84b94f000 	C:\WINDOWS\System32\RPCRT4.dll
0x00007ff84ac20000 - 0x00007ff84adb4000 	C:\WINDOWS\System32\USER32.dll
0x00007ff8498f0000 - 0x00007ff849911000 	C:\WINDOWS\System32\win32u.dll
0x00007ff84b800000 - 0x00007ff84b826000 	C:\WINDOWS\System32\GDI32.dll
0x00007ff84a200000 - 0x00007ff84a398000 	C:\WINDOWS\System32\gdi32full.dll
0x00007ff84a420000 - 0x00007ff84a4be000 	C:\WINDOWS\System32\msvcp_win.dll
0x00007ff84a100000 - 0x00007ff84a1fa000 	C:\WINDOWS\System32\ucrtbase.dll
0x00007ff839ba0000 - 0x00007ff839e24000 	C:\WINDOWS\WinSxS\amd64_microsoft.windows.common-controls_6595b64144ccf1df_6.0.18362.1500_none_9e79be6de462295c\COMCTL32.dll
0x00007ff84b4c0000 - 0x00007ff84b7f6000 	C:\WINDOWS\System32\combase.dll
0x00007ff849860000 - 0x00007ff8498e1000 	C:\WINDOWS\System32\bcryptPrimitives.dll
0x00007ff84c420000 - 0x00007ff84c44e000 	C:\WINDOWS\System32\IMM32.DLL
0x0000000072740000 - 0x0000000072812000 	D:\soft\Java\jdk-1.8\jre\bin\msvcr100.dll
0x0000000071ea0000 - 0x0000000072740000 	D:\soft\Java\jdk-1.8\jre\bin\server\jvm.dll
0x00007ff84c570000 - 0x00007ff84c578000 	C:\WINDOWS\System32\PSAPI.DLL
0x00007ff83a630000 - 0x00007ff83a654000 	C:\WINDOWS\SYSTEM32\WINMM.dll
0x00007ff841500000 - 0x00007ff84150a000 	C:\WINDOWS\SYSTEM32\VERSION.dll
0x00007ff839f10000 - 0x00007ff839f19000 	C:\WINDOWS\SYSTEM32\WSOCK32.dll
0x00007ff84b310000 - 0x00007ff84b37f000 	C:\WINDOWS\System32\WS2_32.dll
0x00007ff83a600000 - 0x00007ff83a62d000 	C:\WINDOWS\SYSTEM32\winmmbase.dll
0x00007ff84a3a0000 - 0x00007ff84a3ea000 	C:\WINDOWS\System32\cfgmgr32.dll
0x0000000071e90000 - 0x0000000071e9f000 	D:\soft\Java\jdk-1.8\jre\bin\verify.dll
0x0000000071e60000 - 0x0000000071e89000 	D:\soft\Java\jdk-1.8\jre\bin\java.dll
0x0000000071b60000 - 0x0000000071b83000 	D:\soft\Java\jdk-1.8\jre\bin\instrument.dll
0x0000000071e40000 - 0x0000000071e56000 	D:\soft\Java\jdk-1.8\jre\bin\zip.dll
0x00007ff84bd30000 - 0x00007ff84c418000 	C:\WINDOWS\System32\SHELL32.dll
0x00007ff84b0d0000 - 0x00007ff84b177000 	C:\WINDOWS\System32\shcore.dll
0x00007ff849980000 - 0x00007ff84a0fb000 	C:\WINDOWS\System32\windows.storage.dll
0x00007ff849590000 - 0x00007ff8495ae000 	C:\WINDOWS\System32\profapi.dll
0x00007ff849540000 - 0x00007ff84958a000 	C:\WINDOWS\System32\powrprof.dll
0x00007ff8494f0000 - 0x00007ff849500000 	C:\WINDOWS\System32\UMPDC.dll
0x00007ff84ab60000 - 0x00007ff84abb2000 	C:\WINDOWS\System32\shlwapi.dll
0x00007ff849500000 - 0x00007ff849511000 	C:\WINDOWS\System32\kernel.appcore.dll
0x00007ff84a570000 - 0x00007ff84a587000 	C:\WINDOWS\System32\cryptsp.dll
0x00007ff820f00000 - 0x00007ff820f1a000 	D:\soft\IntelliJ IDEA 2019.1.3\bin\breakgen64.dll
0x0000000071e20000 - 0x0000000071e3a000 	D:\soft\Java\jdk-1.8\jre\bin\net.dll
0x00007ff841a30000 - 0x00007ff841a58000 	E:\soft\tencent\qqpcmgr\QMProxyAccelerator\3.0.8861.134\QMProxyAccLSPIPHelper64.dll
0x00007ff848d30000 - 0x00007ff848d97000 	C:\WINDOWS\system32\mswsock.dll
0x00007ff83a580000 - 0x00007ff83a58a000 	C:\WINDOWS\system32\wshqos.dll
0x00007ff839e40000 - 0x00007ff839e48000 	C:\WINDOWS\SYSTEM32\wshtcpip.DLL
0x00007ff839e30000 - 0x00007ff839e38000 	C:\WINDOWS\SYSTEM32\wship6.dll
0x00007ff8488b0000 - 0x00007ff8488e3000 	C:\WINDOWS\system32\rsaenh.dll
0x00007ff84a3f0000 - 0x00007ff84a416000 	C:\WINDOWS\System32\bcrypt.dll
0x00007ff8493e0000 - 0x00007ff849405000 	C:\WINDOWS\SYSTEM32\USERENV.dll
0x00007ff848f00000 - 0x00007ff848f0c000 	C:\WINDOWS\SYSTEM32\CRYPTBASE.dll
0x00007ff848a40000 - 0x00007ff848a7a000 	C:\WINDOWS\SYSTEM32\IPHLPAPI.DLL
0x00007ff84b380000 - 0x00007ff84b388000 	C:\WINDOWS\System32\NSI.dll
0x00007ff844b10000 - 0x00007ff844b26000 	C:\WINDOWS\SYSTEM32\dhcpcsvc6.DLL
0x00007ff844af0000 - 0x00007ff844b0c000 	C:\WINDOWS\SYSTEM32\dhcpcsvc.DLL
0x00007ff848a80000 - 0x00007ff848b4b000 	C:\WINDOWS\SYSTEM32\DNSAPI.dll
0x0000000071e00000 - 0x0000000071e11000 	D:\soft\Java\jdk-1.8\jre\bin\nio.dll
0x00007ff83c0a0000 - 0x00007ff83c0aa000 	C:\Users\travelsky\AppData\Local\Temp\jansi-1.17.1-2246039347840700801.dll
0x00007ff83b7f0000 - 0x00007ff83b7fa000 	C:\Users\travelsky\AppData\Local\Temp\jansi-1.17.1-1564006239494729145.dll
0x0000000071b50000 - 0x0000000071b5d000 	D:\soft\Java\jdk-1.8\jre\bin\management.dll

VM Arguments:
jvm_args: -Dmaven.multiModuleProjectDirectory=E:\project-one\project-one\pinyougou\pinyougou-sellergoods\pinyougou-sellergoods-service -Dmaven.home=D:\soft\apache-maven-3.6.1 -Dclassworlds.conf=D:\soft\apache-maven-3.6.1\bin\m2.conf -javaagent:D:\soft\IntelliJ IDEA 2019.1.3\lib\idea_rt.jar=51496:D:\soft\IntelliJ IDEA 2019.1.3\bin -Dfile.encoding=UTF-8 
java_command: org.codehaus.classworlds.Launcher -Didea.version2019.1.3 -s D:\soft\apache-maven-3.6.1\conf\settings.xml -Dmaven.repo.local=D:\soft\apache-maven-3.6.1\LocalWareHouse tomcat7:run
java_class_path (initial): D:\soft\apache-maven-3.6.1\boot\plexus-classworlds-2.6.0.jar;D:\soft\IntelliJ IDEA 2019.1.3\lib\idea_rt.jar
Launcher Type: SUN_STANDARD

Environment Variables:
JAVA_HOME=D:\soft\Java\jdk1.7.0_79
CLASSPATH=D:\soft\Java\jdk1.7.0_79\lib;D:\soft\Java\jdk1.7.0_79\lib\tools.jar;.;
PATH=D:\soft\vmware\bin\;D:\soft\oracle\oracle2\bin;D:\soft\oracle\oracle\bin;D:\soft\oracle\product2\bin;D:\soft\oracle\product\bin;D:\soft\Java\jdk1.7.0_79\bin;D:\soft\Java\jdk1.7.0_79\jre\bin;C:\ProgramData\Oracle\Java\javapath;D:\soft\apache-maven-3.6.1\bin;D:\oracle\product\10.2.0\db_1\bin;C:\WINDOWS\system32;C:\WINDOWS;C:\WINDOWS\System32\Wbem;C:\WINDOWS\System32\WindowsPowerShell\v1.0\;C:\WINDOWS\System32\OpenSSH\;C:\Program Files\Intel\WiFi\bin\;C:\Program Files\Common Files\Intel\WirelessCommon\;D:\soft\Git\cmd;C:\Program Files (x86)\Intel\Intel(R) Management Engine Components\DAL;C:\Program Files\Intel\Intel(R) Management Engine Components\DAL;D:\soft\gradle-4.3.1\bin;E:\Linux\nodejs\;D:\soft\gauge\bin;D:\soft\instantclient_12_1;%ORACLE_HOME\BIN%;C:\Users\travelsky\AppData\Local\Microsoft\WindowsApps;D:\soft\Java\jdk1.7.0_79\bin;C:\Users\travelsky\AppData\Local\BypassRuntm;C:\Users\travelsky\AppData\Roaming\npm;C:\Users\travelsky\AppData\Local\Microsoft\WindowsApps;D:\soft\Microsoft VS Code\bin;E:\Linux\nodejs\node_global;E:\Linux\nodejs\node_modules;
USERNAME=travelsky
OS=Windows_NT
PROCESSOR_IDENTIFIER=Intel64 Family 6 Model 142 Stepping 10, GenuineIntel



---------------  S Y S T E M  ---------------

OS: Windows 10.0 , 64 bit Build 18362 (10.0.18362.1500)

CPU:total 8 (initial active 8) (4 cores per cpu, 2 threads per core) family 6 model 142 stepping 10, cmov, cx8, fxsr, mmx, sse, sse2, sse3, ssse3, sse4.1, sse4.2, popcnt, avx, avx2, aes, clmul, erms, 3dnowpref, lzcnt, ht, tsc, tscinvbit, bmi1, bmi2, adx

Memory: 4k page, physical 16616664k(3649136k free), swap 27103060k(3404k free)

vm_info: Java HotSpot(TM) 64-Bit Server VM (25.171-b11) for windows-amd64 JRE (1.8.0_171-b11), built on Mar 28 2018 16:06:12 by "java_re" with MS VC++ 10.0 (VS2010)

time: Sat May 08 15:59:46 2021
elapsed time: 27 seconds (0d 0h 0m 27s)

