#
# There is insufficient memory for the Java Runtime Environment to continue.
# Native memory allocation (malloc) failed to allocate 1396768 bytes for Chunk::new
# Possible reasons:
#   The system is out of physical RAM or swap space
#   In 32 bit mode, the process size limit was hit
# Possible solutions:
#   Reduce memory load on the system
#   Increase physical memory or swap space
#   Check if swap backing store is full
#   Use 64 bit Java on a 64 bit OS
#   Decrease Java heap size (-Xmx/-Xms)
#   Decrease number of Java threads
#   Decrease Java thread stack sizes (-Xss)
#   Set larger code cache with -XX:ReservedCodeCacheSize=
# This output file may be truncated or incomplete.
#
#  Out of Memory Error (allocation.cpp:390), pid=37352, tid=0x0000000000004d88
#
# JRE version: Java(TM) SE Runtime Environment (8.0_171-b11) (build 1.8.0_171-b11)
# Java VM: Java HotSpot(TM) 64-Bit Server VM (25.171-b11 mixed mode windows-amd64 compressed oops)
# Failed to write core dump. Minidumps are not enabled by default on client versions of Windows
#

---------------  T H R E A D  ---------------

Current thread (0x000000001e968800):  JavaThread "C2 CompilerThread1" daemon [_thread_in_native, id=19848, stack(0x000000001f1a0000,0x000000001f2a0000)]

Stack: [0x000000001f1a0000,0x000000001f2a0000]
[error occurred during error reporting (printing stack bounds), id 0xc0000005]

Native frames: (J=compiled Java code, j=interpreted, Vv=VM code, C=native code)


Current CompileTask:
C2:  13301 4284       4       org.apache.catalina.startup.ContextConfig::populateSCIsForCacheEntry (192 bytes)


---------------  P R O C E S S  ---------------

Java Threads: ( => current thread )
  0x0000000025ac8800 JavaThread "localhost-startStop-1" daemon [_thread_in_native, id=16700, stack(0x0000000024e50000,0x0000000024f50000)]
  0x0000000025b52000 JavaThread "Tomcat-startStop-1" daemon [_thread_blocked, id=10936, stack(0x00000000236c0000,0x00000000237c0000)]
  0x000000001ea16000 JavaThread "Service Thread" daemon [_thread_blocked, id=15408, stack(0x000000001f4a0000,0x000000001f5a0000)]
  0x000000001e971000 JavaThread "C1 CompilerThread3" daemon [_thread_blocked, id=12120, stack(0x000000001f3a0000,0x000000001f4a0000)]
  0x000000001e96c800 JavaThread "C2 CompilerThread2" daemon [_thread_in_native, id=29728, stack(0x000000001f2a0000,0x000000001f3a0000)]
=>0x000000001e968800 JavaThread "C2 CompilerThread1" daemon [_thread_in_native, id=19848, stack(0x000000001f1a0000,0x000000001f2a0000)]
  0x000000001e967000 JavaThread "C2 CompilerThread0" daemon [_thread_in_native, id=15348, stack(0x000000001f0a0000,0x000000001f1a0000)]
  0x000000001e94e000 JavaThread "Monitor Ctrl-Break" daemon [_thread_in_native, id=26308, stack(0x000000001efa0000,0x000000001f0a0000)]
  0x000000001e8d9000 JavaThread "Attach Listener" daemon [_thread_blocked, id=25824, stack(0x000000001eea0000,0x000000001efa0000)]
  0x000000001e8d8000 JavaThread "Signal Dispatcher" daemon [_thread_blocked, id=8044, stack(0x000000001eda0000,0x000000001eea0000)]
  0x000000001e8c0800 JavaThread "Finalizer" daemon [_thread_blocked, id=20308, stack(0x000000001eca0000,0x000000001eda0000)]
  0x000000001c9cd000 JavaThread "Reference Handler" daemon [_thread_blocked, id=15376, stack(0x000000001e7a0000,0x000000001e8a0000)]
  0x0000000002f23000 JavaThread "main" [_thread_blocked, id=30020, stack(0x0000000001070000,0x0000000001170000)]

Other Threads:
  0x000000001c9c9000 VMThread [stack: 0x000000001e6a0000,0x000000001e7a0000] [id=25852]
  0x000000001ea1b000 WatcherThread [stack: 0x000000001f5a0000,0x000000001f6a0000] [id=21628]

VM state:not at safepoint (normal execution)

VM Mutex/Monitor currently owned by a thread: None

Heap:
 PSYoungGen      total 118784K, used 116161K [0x000000076b780000, 0x0000000775080000, 0x00000007c0000000)
  eden space 107008K, 97% used [0x000000076b780000,0x0000000771d74cb8,0x0000000772000000)
  from space 11776K, 99% used [0x0000000774500000,0x000000077507b978,0x0000000775080000)
  to   space 14336K, 0% used [0x0000000773480000,0x0000000773480000,0x0000000774280000)
 ParOldGen       total 103424K, used 30352K [0x00000006c2600000, 0x00000006c8b00000, 0x000000076b780000)
  object space 103424K, 29% used [0x00000006c2600000,0x00000006c43a4288,0x00000006c8b00000)
 Metaspace       used 24190K, capacity 24766K, committed 25008K, reserved 1071104K
  class space    used 2800K, capacity 2968K, committed 2992K, reserved 1048576K

Card table byte_map: [0x00000000123e0000,0x0000000012bd0000] byte_map_base: 0x000000000edcd000

Marking Bits: (ParMarkBitMap*) 0x00000000726c08c0
 Begin Bits: [0x0000000013920000, 0x0000000017888000)
 End Bits:   [0x0000000017888000, 0x000000001b7f0000)

Polling page: 0x00000000007f0000

CodeCache: size=245760Kb used=12996Kb max_used=13528Kb free=232763Kb
 bounds [0x0000000003020000, 0x0000000003d80000, 0x0000000012020000]
 total_blobs=4088 nmethods=3680 adapters=320
 compilation: enabled

Compilation events (10 events):
Event: 12.034 Thread 0x000000001e971000 4286       1       java.util.WeakHashMap::indexFor (6 bytes)
Event: 12.034 Thread 0x000000001e971000 nmethod 4286 0x0000000003ba9bd0 code [0x0000000003ba9d20, 0x0000000003ba9e10]
Event: 12.707 Thread 0x000000001e971000 4290       3       java.io.DataInputStream::readUnsignedByte (22 bytes)
Event: 12.707 Thread 0x000000001e971000 nmethod 4290 0x0000000003783990 code [0x0000000003783b20, 0x0000000003783e38]
Event: 12.973 Thread 0x000000001e971000 4291       3       org.codehaus.plexus.classworlds.realm.Entry::matches (282 bytes)
Event: 12.976 Thread 0x000000001e971000 nmethod 4291 0x0000000003c42110 code [0x0000000003c424e0, 0x0000000003c45298]
Event: 12.979 Thread 0x000000001e971000 4292       3       org.apache.catalina.deploy.WebXml::mergeResourceMap (167 bytes)
Event: 12.980 Thread 0x000000001e971000 nmethod 4292 0x0000000003181450 code [0x0000000003181740, 0x0000000003182dc8]
Event: 13.004 Thread 0x000000001e971000 4293       1       org.apache.catalina.deploy.SessionConfig::getSessionTrackingModes (5 bytes)
Event: 13.004 Thread 0x000000001e971000 nmethod 4293 0x00000000031fa510 code [0x00000000031fa660, 0x00000000031fa770]

GC Heap History (10 events):
Event: 8.438 GC heap before
{Heap before GC invocations=5 (full 0):
 PSYoungGen      total 75776K, used 18612K [0x000000076b780000, 0x0000000770c00000, 0x00000007c0000000)
  eden space 65024K, 12% used [0x000000076b780000,0x000000076bf330d8,0x000000076f700000)
  from space 10752K, 99% used [0x0000000770180000,0x0000000770bfa040,0x0000000770c00000)
  to   space 10752K, 0% used [0x000000076f700000,0x000000076f700000,0x0000000770180000)
 ParOldGen       total 173568K, used 4705K [0x00000006c2600000, 0x00000006ccf80000, 0x000000076b780000)
  object space 173568K, 2% used [0x00000006c2600000,0x00000006c2a98568,0x00000006ccf80000)
 Metaspace       used 20678K, capacity 21174K, committed 21296K, reserved 1069056K
  class space    used 2415K, capacity 2561K, committed 2608K, reserved 1048576K
Event: 8.450 GC heap after
Heap after GC invocations=5 (full 0):
 PSYoungGen      total 75776K, used 10728K [0x000000076b780000, 0x0000000775380000, 0x00000007c0000000)
  eden space 65024K, 0% used [0x000000076b780000,0x000000076b780000,0x000000076f700000)
  from space 10752K, 99% used [0x000000076f700000,0x000000077017a040,0x0000000770180000)
  to   space 14848K, 0% used [0x0000000774500000,0x0000000774500000,0x0000000775380000)
 ParOldGen       total 173568K, used 5413K [0x00000006c2600000, 0x00000006ccf80000, 0x000000076b780000)
  object space 173568K, 3% used [0x00000006c2600000,0x00000006c2b497b0,0x00000006ccf80000)
 Metaspace       used 20678K, capacity 21174K, committed 21296K, reserved 1069056K
  class space    used 2415K, capacity 2561K, committed 2608K, reserved 1048576K
}
Event: 8.451 GC heap before
{Heap before GC invocations=6 (full 1):
 PSYoungGen      total 75776K, used 10728K [0x000000076b780000, 0x0000000775380000, 0x00000007c0000000)
  eden space 65024K, 0% used [0x000000076b780000,0x000000076b780000,0x000000076f700000)
  from space 10752K, 99% used [0x000000076f700000,0x000000077017a040,0x0000000770180000)
  to   space 14848K, 0% used [0x0000000774500000,0x0000000774500000,0x0000000775380000)
 ParOldGen       total 173568K, used 5413K [0x00000006c2600000, 0x00000006ccf80000, 0x000000076b780000)
  object space 173568K, 3% used [0x00000006c2600000,0x00000006c2b497b0,0x00000006ccf80000)
 Metaspace       used 20678K, capacity 21174K, committed 21296K, reserved 1069056K
  class space    used 2415K, capacity 2561K, committed 2608K, reserved 1048576K
Event: 8.545 GC heap after
Heap after GC invocations=6 (full 1):
 PSYoungGen      total 75776K, used 0K [0x000000076b780000, 0x0000000775380000, 0x00000007c0000000)
  eden space 65024K, 0% used [0x000000076b780000,0x000000076b780000,0x000000076f700000)
  from space 10752K, 0% used [0x000000076f700000,0x000000076f700000,0x0000000770180000)
  to   space 14848K, 0% used [0x0000000774500000,0x0000000774500000,0x0000000775380000)
 ParOldGen       total 103424K, used 13121K [0x00000006c2600000, 0x00000006c8b00000, 0x000000076b780000)
  object space 103424K, 12% used [0x00000006c2600000,0x00000006c32d0778,0x00000006c8b00000)
 Metaspace       used 20678K, capacity 21174K, committed 21296K, reserved 1069056K
  class space    used 2415K, capacity 2561K, committed 2608K, reserved 1048576K
}
Event: 10.712 GC heap before
{Heap before GC invocations=7 (full 1):
 PSYoungGen      total 75776K, used 65024K [0x000000076b780000, 0x0000000775380000, 0x00000007c0000000)
  eden space 65024K, 100% used [0x000000076b780000,0x000000076f700000,0x000000076f700000)
  from space 10752K, 0% used [0x000000076f700000,0x000000076f700000,0x0000000770180000)
  to   space 14848K, 0% used [0x0000000774500000,0x0000000774500000,0x0000000775380000)
 ParOldGen       total 103424K, used 13121K [0x00000006c2600000, 0x00000006c8b00000, 0x000000076b780000)
  object space 103424K, 12% used [0x00000006c2600000,0x00000006c32d0778,0x00000006c8b00000)
 Metaspace       used 24132K, capacity 24730K, committed 25008K, reserved 1071104K
  class space    used 2796K, capacity 2936K, committed 2992K, reserved 1048576K
Event: 10.733 GC heap after
Heap after GC invocations=7 (full 1):
 PSYoungGen      total 118784K, used 11495K [0x000000076b780000, 0x0000000775080000, 0x00000007c0000000)
  eden space 107008K, 0% used [0x000000076b780000,0x000000076b780000,0x0000000772000000)
  from space 11776K, 97% used [0x0000000774500000,0x0000000775039de0,0x0000000775080000)
  to   space 14336K, 0% used [0x0000000773480000,0x0000000773480000,0x0000000774280000)
 ParOldGen       total 103424K, used 13193K [0x00000006c2600000, 0x00000006c8b00000, 0x000000076b780000)
  object space 103424K, 12% used [0x00000006c2600000,0x00000006c32e2788,0x00000006c8b00000)
 Metaspace       used 24132K, capacity 24730K, committed 25008K, reserved 1071104K
  class space    used 2796K, capacity 2936K, committed 2992K, reserved 1048576K
}
Event: 11.407 GC heap before
{Heap before GC invocations=8 (full 1):
 PSYoungGen      total 118784K, used 118503K [0x000000076b780000, 0x0000000775080000, 0x00000007c0000000)
  eden space 107008K, 100% used [0x000000076b780000,0x0000000772000000,0x0000000772000000)
  from space 11776K, 97% used [0x0000000774500000,0x0000000775039de0,0x0000000775080000)
  to   space 14336K, 0% used [0x0000000773480000,0x0000000773480000,0x0000000774280000)
 ParOldGen       total 103424K, used 13193K [0x00000006c2600000, 0x00000006c8b00000, 0x000000076b780000)
  object space 103424K, 12% used [0x00000006c2600000,0x00000006c32e2788,0x00000006c8b00000)
 Metaspace       used 24184K, capacity 24762K, committed 25008K, reserved 1071104K
  class space    used 2799K, capacity 2968K, committed 2992K, reserved 1048576K
Event: 11.435 GC heap after
Heap after GC invocations=8 (full 1):
 PSYoungGen      total 121344K, used 14321K [0x000000076b780000, 0x0000000775080000, 0x00000007c0000000)
  eden space 107008K, 0% used [0x000000076b780000,0x000000076b780000,0x0000000772000000)
  from space 14336K, 99% used [0x0000000773480000,0x000000077427c7e8,0x0000000774280000)
  to   space 11776K, 0% used [0x0000000774500000,0x0000000774500000,0x0000000775080000)
 ParOldGen       total 103424K, used 19118K [0x00000006c2600000, 0x00000006c8b00000, 0x000000076b780000)
  object space 103424K, 18% used [0x00000006c2600000,0x00000006c38abb98,0x00000006c8b00000)
 Metaspace       used 24184K, capacity 24762K, committed 25008K, reserved 1071104K
  class space    used 2799K, capacity 2968K, committed 2992K, reserved 1048576K
}
Event: 12.270 GC heap before
{Heap before GC invocations=9 (full 1):
 PSYoungGen      total 121344K, used 121329K [0x000000076b780000, 0x0000000775080000, 0x00000007c0000000)
  eden space 107008K, 100% used [0x000000076b780000,0x0000000772000000,0x0000000772000000)
  from space 14336K, 99% used [0x0000000773480000,0x000000077427c7e8,0x0000000774280000)
  to   space 11776K, 0% used [0x0000000774500000,0x0000000774500000,0x0000000775080000)
 ParOldGen       total 103424K, used 19118K [0x00000006c2600000, 0x00000006c8b00000, 0x000000076b780000)
  object space 103424K, 18% used [0x00000006c2600000,0x00000006c38abb98,0x00000006c8b00000)
 Metaspace       used 24188K, capacity 24766K, committed 25008K, reserved 1071104K
  class space    used 2800K, capacity 2968K, committed 2992K, reserved 1048576K
Event: 12.362 GC heap after
Heap after GC invocations=9 (full 1):
 PSYoungGen      total 118784K, used 11758K [0x000000076b780000, 0x0000000775080000, 0x00000007c0000000)
  eden space 107008K, 0% used [0x000000076b780000,0x000000076b780000,0x0000000772000000)
  from space 11776K, 99% used [0x0000000774500000,0x000000077507b978,0x0000000775080000)
  to   space 14336K, 0% used [0x0000000773480000,0x0000000773480000,0x0000000774280000)
 ParOldGen       total 103424K, used 30352K [0x00000006c2600000, 0x00000006c8b00000, 0x000000076b780000)
  object space 103424K, 29% used [0x00000006c2600000,0x00000006c43a4288,0x00000006c8b00000)
 Metaspace       used 24188K, capacity 24766K, committed 25008K, reserved 1071104K
  class space    used 2800K, capacity 2968K, committed 2992K, reserved 1048576K
}

Deoptimization events (10 events):
Event: 9.957 Thread 0x0000000025ac8800 Uncommon trap: reason=unstable_if action=reinterpret pc=0x000000000317b70c method=com.sun.org.apache.xerces.internal.impl.io.UTF8Reader.read([CII)I @ 131
Event: 10.075 Thread 0x0000000025ac8800 Uncommon trap: reason=unstable_if action=reinterpret pc=0x0000000003660df0 method=java.io.BufferedReader.readLine(Z)Ljava/lang/String; @ 160
Event: 10.422 Thread 0x0000000025ac8800 Uncommon trap: reason=unstable_if action=reinterpret pc=0x0000000003ce0a4c method=java.io.DataInputStream.readUTF(Ljava/io/DataInput;)Ljava/lang/String; @ 112
Event: 10.450 Thread 0x0000000025ac8800 Uncommon trap: reason=unloaded action=reinterpret pc=0x0000000003cfb654 method=org.apache.tomcat.util.bcel.classfile.Constant.readConstant(Ljava/io/DataInputStream;)Lorg/apache/tomcat/util/bcel/classfile/Constant; @ 146
Event: 10.479 Thread 0x0000000025ac8800 Uncommon trap: reason=unstable_if action=reinterpret pc=0x00000000034e5b08 method=java.util.LinkedHashMap.afterNodeAccess(Ljava/util/HashMap$Node;)V @ 41
Event: 10.691 Thread 0x0000000025ac8800 Uncommon trap: reason=unloaded action=reinterpret pc=0x0000000003d50200 method=org.apache.tomcat.util.bcel.classfile.Attribute.readAttribute(Ljava/io/DataInputStream;Lorg/apache/tomcat/util/bcel/classfile/ConstantPool;)Lorg/apache/tomcat/util/bcel/classfi
Event: 10.852 Thread 0x0000000025ac8800 Uncommon trap: reason=unstable_if action=reinterpret pc=0x0000000003d1b4bc method=java.util.LinkedHashMap.afterNodeAccess(Ljava/util/HashMap$Node;)V @ 14
Event: 10.979 Thread 0x0000000025ac8800 Uncommon trap: reason=unloaded action=reinterpret pc=0x0000000003ac6c0c method=org.apache.tomcat.util.bcel.classfile.Attribute.readAttribute(Ljava/io/DataInputStream;Lorg/apache/tomcat/util/bcel/classfile/ConstantPool;)Lorg/apache/tomcat/util/bcel/classfi
Event: 11.335 Thread 0x0000000025ac8800 Uncommon trap: reason=unstable_if action=reinterpret pc=0x00000000032891ac method=org.apache.catalina.startup.ContextConfig.getSCIsForClass(Ljava/lang/String;)Ljava/util/Set; @ 62
Event: 12.972 Thread 0x0000000025ac8800 Uncommon trap: reason=unstable_if action=reinterpret pc=0x0000000003c7093c method=org.codehaus.plexus.classworlds.realm.Entry.matches(Ljava/lang/String;)Z @ 209

Classes redefined (0 events):
No events

Internal exceptions (10 events):
Event: 4.693 Thread 0x0000000002f23000 Implicit null exception at 0x00000000031e9858 to 0x00000000031e9a35
Event: 4.837 Thread 0x0000000002f23000 Implicit null exception at 0x000000000324f699 to 0x000000000324fa5d
Event: 4.837 Thread 0x0000000002f23000 Implicit null exception at 0x0000000003217a56 to 0x0000000003217e01
Event: 5.203 Thread 0x0000000002f23000 Implicit null exception at 0x000000000340ecd5 to 0x000000000340eed5
Event: 5.203 Thread 0x0000000002f23000 Implicit null exception at 0x0000000003433a6f to 0x0000000003433ad9
Event: 5.229 Thread 0x0000000002f23000 Implicit null exception at 0x000000000368b043 to 0x000000000368b28d
Event: 5.249 Thread 0x0000000002f23000 Implicit null exception at 0x000000000363ab61 to 0x000000000363b451
Event: 5.250 Thread 0x0000000002f23000 Implicit null exception at 0x000000000349a998 to 0x000000000349aa26
Event: 8.048 Thread 0x0000000002f23000 Exception <a 'java/io/FileNotFoundException'> (0x000000076f12ae08) thrown at [C:\re\workspace\8-2-build-windows-amd64-cygwin\jdk8u171\10807\hotspot\src\share\vm\prims\jni.cpp, line 709]
Event: 10.479 Thread 0x0000000025ac8800 Implicit null exception at 0x00000000034e587d to 0x00000000034e5ae5

Events (10 events):
Event: 12.980 Thread 0x000000001e971000 flushing nmethod 0x0000000003327610
Event: 13.004 Thread 0x000000001e971000 flushing nmethod 0x000000000332e050
Event: 13.005 Thread 0x000000001e971000 flushing nmethod 0x000000000333ae50
Event: 13.005 Thread 0x000000001e971000 flushing nmethod 0x000000000333c750
Event: 13.005 Thread 0x000000001e971000 flushing nmethod 0x0000000003341890
Event: 13.005 Thread 0x000000001e971000 flushing nmethod 0x000000000338bbd0
Event: 13.005 Thread 0x000000001e971000 flushing nmethod 0x000000000338f0d0
Event: 13.005 Thread 0x000000001e971000 flushing nmethod 0x000000000338f550
Event: 13.005 Thread 0x000000001e971000 flushing nmethod 0x0000000003399b10
Event: 13.005 Thread 0x000000001e971000 flushing nmethod 0x00000000033d0d50


Dynamic libraries:
0x00007ff79d7d0000 - 0x00007ff79d807000 	D:\soft\Java\jdk-1.8\bin\java.exe
0x00007ff84c640000 - 0x00007ff84c830000 	C:\WINDOWS\SYSTEM32\ntdll.dll
0x00007ff84b250000 - 0x00007ff84b302000 	C:\WINDOWS\System32\KERNEL32.DLL
0x00007ff8495b0000 - 0x00007ff849855000 	C:\WINDOWS\System32\KERNELBASE.dll
0x00007ff84b950000 - 0x00007ff84b9f3000 	C:\WINDOWS\System32\ADVAPI32.dll
0x00007ff84b390000 - 0x00007ff84b42e000 	C:\WINDOWS\System32\msvcrt.dll
0x00007ff84c4d0000 - 0x00007ff84c567000 	C:\WINDOWS\System32\sechost.dll
0x00007ff84b830000 - 0x00007ff84b94f000 	C:\WINDOWS\System32\RPCRT4.dll
0x00007ff84ac20000 - 0x00007ff84adb4000 	C:\WINDOWS\System32\USER32.dll
0x00007ff8498f0000 - 0x00007ff849911000 	C:\WINDOWS\System32\win32u.dll
0x00007ff84b800000 - 0x00007ff84b826000 	C:\WINDOWS\System32\GDI32.dll
0x00007ff84a200000 - 0x00007ff84a398000 	C:\WINDOWS\System32\gdi32full.dll
0x00007ff84a420000 - 0x00007ff84a4be000 	C:\WINDOWS\System32\msvcp_win.dll
0x00007ff84a100000 - 0x00007ff84a1fa000 	C:\WINDOWS\System32\ucrtbase.dll
0x00007ff839ba0000 - 0x00007ff839e24000 	C:\WINDOWS\WinSxS\amd64_microsoft.windows.common-controls_6595b64144ccf1df_6.0.18362.1500_none_9e79be6de462295c\COMCTL32.dll
0x00007ff84b4c0000 - 0x00007ff84b7f6000 	C:\WINDOWS\System32\combase.dll
0x00007ff849860000 - 0x00007ff8498e1000 	C:\WINDOWS\System32\bcryptPrimitives.dll
0x00007ff84c420000 - 0x00007ff84c44e000 	C:\WINDOWS\System32\IMM32.DLL
0x0000000072740000 - 0x0000000072812000 	D:\soft\Java\jdk-1.8\jre\bin\msvcr100.dll
0x0000000071ea0000 - 0x0000000072740000 	D:\soft\Java\jdk-1.8\jre\bin\server\jvm.dll
0x00007ff84c570000 - 0x00007ff84c578000 	C:\WINDOWS\System32\PSAPI.DLL
0x00007ff83a630000 - 0x00007ff83a654000 	C:\WINDOWS\SYSTEM32\WINMM.dll
0x00007ff839f10000 - 0x00007ff839f19000 	C:\WINDOWS\SYSTEM32\WSOCK32.dll
0x00007ff841500000 - 0x00007ff84150a000 	C:\WINDOWS\SYSTEM32\VERSION.dll
0x00007ff84b310000 - 0x00007ff84b37f000 	C:\WINDOWS\System32\WS2_32.dll
0x00007ff83a600000 - 0x00007ff83a62d000 	C:\WINDOWS\SYSTEM32\winmmbase.dll
0x00007ff84a3a0000 - 0x00007ff84a3ea000 	C:\WINDOWS\System32\cfgmgr32.dll
0x0000000071e90000 - 0x0000000071e9f000 	D:\soft\Java\jdk-1.8\jre\bin\verify.dll
0x0000000071e60000 - 0x0000000071e89000 	D:\soft\Java\jdk-1.8\jre\bin\java.dll
0x0000000071b60000 - 0x0000000071b83000 	D:\soft\Java\jdk-1.8\jre\bin\instrument.dll
0x0000000071e40000 - 0x0000000071e56000 	D:\soft\Java\jdk-1.8\jre\bin\zip.dll
0x00007ff84bd30000 - 0x00007ff84c418000 	C:\WINDOWS\System32\SHELL32.dll
0x00007ff84b0d0000 - 0x00007ff84b177000 	C:\WINDOWS\System32\shcore.dll
0x00007ff849980000 - 0x00007ff84a0fb000 	C:\WINDOWS\System32\windows.storage.dll
0x00007ff849590000 - 0x00007ff8495ae000 	C:\WINDOWS\System32\profapi.dll
0x00007ff849540000 - 0x00007ff84958a000 	C:\WINDOWS\System32\powrprof.dll
0x00007ff8494f0000 - 0x00007ff849500000 	C:\WINDOWS\System32\UMPDC.dll
0x00007ff84ab60000 - 0x00007ff84abb2000 	C:\WINDOWS\System32\shlwapi.dll
0x00007ff849500000 - 0x00007ff849511000 	C:\WINDOWS\System32\kernel.appcore.dll
0x00007ff84a570000 - 0x00007ff84a587000 	C:\WINDOWS\System32\cryptsp.dll
0x00007ff820f00000 - 0x00007ff820f1a000 	D:\soft\IntelliJ IDEA 2019.1.3\bin\breakgen64.dll
0x0000000071e20000 - 0x0000000071e3a000 	D:\soft\Java\jdk-1.8\jre\bin\net.dll
0x00007ff841a30000 - 0x00007ff841a58000 	E:\soft\tencent\qqpcmgr\QMProxyAccelerator\3.0.8861.134\QMProxyAccLSPIPHelper64.dll
0x00007ff848d30000 - 0x00007ff848d97000 	C:\WINDOWS\system32\mswsock.dll
0x00007ff83a580000 - 0x00007ff83a58a000 	C:\WINDOWS\system32\wshqos.dll
0x00007ff839e40000 - 0x00007ff839e48000 	C:\WINDOWS\SYSTEM32\wshtcpip.DLL
0x00007ff839e30000 - 0x00007ff839e38000 	C:\WINDOWS\SYSTEM32\wship6.dll
0x00007ff8488b0000 - 0x00007ff8488e3000 	C:\WINDOWS\system32\rsaenh.dll
0x00007ff84a3f0000 - 0x00007ff84a416000 	C:\WINDOWS\System32\bcrypt.dll
0x00007ff8493e0000 - 0x00007ff849405000 	C:\WINDOWS\SYSTEM32\USERENV.dll
0x00007ff848f00000 - 0x00007ff848f0c000 	C:\WINDOWS\SYSTEM32\CRYPTBASE.dll
0x00007ff848a40000 - 0x00007ff848a7a000 	C:\WINDOWS\SYSTEM32\IPHLPAPI.DLL
0x00007ff84b380000 - 0x00007ff84b388000 	C:\WINDOWS\System32\NSI.dll
0x00007ff844b10000 - 0x00007ff844b26000 	C:\WINDOWS\SYSTEM32\dhcpcsvc6.DLL
0x00007ff844af0000 - 0x00007ff844b0c000 	C:\WINDOWS\SYSTEM32\dhcpcsvc.DLL
0x00007ff848a80000 - 0x00007ff848b4b000 	C:\WINDOWS\SYSTEM32\DNSAPI.dll
0x0000000071e00000 - 0x0000000071e11000 	D:\soft\Java\jdk-1.8\jre\bin\nio.dll
0x00007ff83fee0000 - 0x00007ff83feea000 	C:\Users\travelsky\AppData\Local\Temp\jansi-1.17.1-3452979836122387476.dll
0x00007ff83daf0000 - 0x00007ff83dafa000 	C:\Users\travelsky\AppData\Local\Temp\jansi-1.17.1-2861182375583693624.dll
0x0000000071b50000 - 0x0000000071b5d000 	D:\soft\Java\jdk-1.8\jre\bin\management.dll

VM Arguments:
jvm_args: -Dmaven.multiModuleProjectDirectory=E:\project-one\project-one\pinyougou\pinyougou-sellergoods\pinyougou-sellergoods-service -Dmaven.home=D:\soft\apache-maven-3.6.1 -Dclassworlds.conf=D:\soft\apache-maven-3.6.1\bin\m2.conf -javaagent:D:\soft\IntelliJ IDEA 2019.1.3\lib\idea_rt.jar=52696:D:\soft\IntelliJ IDEA 2019.1.3\bin -Dfile.encoding=UTF-8 
java_command: org.codehaus.classworlds.Launcher -Didea.version2019.1.3 -s D:\soft\apache-maven-3.6.1\conf\settings.xml -Dmaven.repo.local=D:\soft\apache-maven-3.6.1\LocalWareHouse tomcat7:run
java_class_path (initial): D:\soft\apache-maven-3.6.1\boot\plexus-classworlds-2.6.0.jar;D:\soft\IntelliJ IDEA 2019.1.3\lib\idea_rt.jar
Launcher Type: SUN_STANDARD

Environment Variables:
JAVA_HOME=D:\soft\Java\jdk1.7.0_79
CLASSPATH=D:\soft\Java\jdk1.7.0_79\lib;D:\soft\Java\jdk1.7.0_79\lib\tools.jar;.;
PATH=D:\soft\vmware\bin\;D:\soft\oracle\oracle2\bin;D:\soft\oracle\oracle\bin;D:\soft\oracle\product2\bin;D:\soft\oracle\product\bin;D:\soft\Java\jdk1.7.0_79\bin;D:\soft\Java\jdk1.7.0_79\jre\bin;C:\ProgramData\Oracle\Java\javapath;D:\soft\apache-maven-3.6.1\bin;D:\oracle\product\10.2.0\db_1\bin;C:\WINDOWS\system32;C:\WINDOWS;C:\WINDOWS\System32\Wbem;C:\WINDOWS\System32\WindowsPowerShell\v1.0\;C:\WINDOWS\System32\OpenSSH\;C:\Program Files\Intel\WiFi\bin\;C:\Program Files\Common Files\Intel\WirelessCommon\;D:\soft\Git\cmd;C:\Program Files (x86)\Intel\Intel(R) Management Engine Components\DAL;C:\Program Files\Intel\Intel(R) Management Engine Components\DAL;D:\soft\gradle-4.3.1\bin;E:\Linux\nodejs\;D:\soft\gauge\bin;D:\soft\instantclient_12_1;%ORACLE_HOME\BIN%;C:\Users\travelsky\AppData\Local\Microsoft\WindowsApps;D:\soft\Java\jdk1.7.0_79\bin;C:\Users\travelsky\AppData\Local\BypassRuntm;C:\Users\travelsky\AppData\Roaming\npm;C:\Users\travelsky\AppData\Local\Microsoft\WindowsApps;D:\soft\Microsoft VS Code\bin;E:\Linux\nodejs\node_global;E:\Linux\nodejs\node_modules;
USERNAME=travelsky
OS=Windows_NT
PROCESSOR_IDENTIFIER=Intel64 Family 6 Model 142 Stepping 10, GenuineIntel



---------------  S Y S T E M  ---------------

OS: Windows 10.0 , 64 bit Build 18362 (10.0.18362.1500)

CPU:total 8 (initial active 8) (4 cores per cpu, 2 threads per core) family 6 model 142 stepping 10, cmov, cx8, fxsr, mmx, sse, sse2, sse3, ssse3, sse4.1, sse4.2, popcnt, avx, avx2, aes, clmul, erms, 3dnowpref, lzcnt, ht, tsc, tscinvbit, bmi1, bmi2, adx

Memory: 4k page, physical 16616664k(3781172k free), swap 27103060k(5176k free)

vm_info: Java HotSpot(TM) 64-Bit Server VM (25.171-b11) for windows-amd64 JRE (1.8.0_171-b11), built on Mar 28 2018 16:06:12 by "java_re" with MS VC++ 10.0 (VS2010)

time: Sat May 08 16:08:20 2021
elapsed time: 13 seconds (0d 0h 0m 13s)

