#
# There is insufficient memory for the Java Runtime Environment to continue.
# Native memory allocation (malloc) failed to allocate 1421184 bytes for Chunk::new
# Possible reasons:
#   The system is out of physical RAM or swap space
#   In 32 bit mode, the process size limit was hit
# Possible solutions:
#   Reduce memory load on the system
#   Increase physical memory or swap space
#   Check if swap backing store is full
#   Use 64 bit Java on a 64 bit OS
#   Decrease Java heap size (-Xmx/-Xms)
#   Decrease number of Java threads
#   Decrease Java thread stack sizes (-Xss)
#   Set larger code cache with -XX:ReservedCodeCacheSize=
# This output file may be truncated or incomplete.
#
#  Out of Memory Error (allocation.cpp:390), pid=18388, tid=0x00000000000019e8
#
# JRE version: Java(TM) SE Runtime Environment (8.0_171-b11) (build 1.8.0_171-b11)
# Java VM: Java HotSpot(TM) 64-Bit Server VM (25.171-b11 mixed mode windows-amd64 compressed oops)
# Failed to write core dump. Minidumps are not enabled by default on client versions of Windows
#

---------------  T H R E A D  ---------------

Current thread (0x000000001ea86800):  JavaThread "C2 CompilerThread1" daemon [_thread_in_native, id=6632, stack(0x000000001f2c0000,0x000000001f3c0000)]

Stack: [0x000000001f2c0000,0x000000001f3c0000]
[error occurred during error reporting (printing stack bounds), id 0xc0000005]

Native frames: (J=compiled Java code, j=interpreted, Vv=VM code, C=native code)


Current CompileTask:
C2:  11757 3579   !   4       com.google.inject.spi.InjectionPoint::getInjectionPoints (489 bytes)


---------------  P R O C E S S  ---------------

Java Threads: ( => current thread )
  0x000000001eb35000 JavaThread "Service Thread" daemon [_thread_blocked, id=36080, stack(0x000000001f5c0000,0x000000001f6c0000)]
  0x000000001ea97000 JavaThread "C1 CompilerThread3" daemon [_thread_blocked, id=29120, stack(0x000000001f4c0000,0x000000001f5c0000)]
  0x000000001ea8a800 JavaThread "C2 CompilerThread2" daemon [_thread_in_native, id=18996, stack(0x000000001f3c0000,0x000000001f4c0000)]
=>0x000000001ea86800 JavaThread "C2 CompilerThread1" daemon [_thread_in_native, id=6632, stack(0x000000001f2c0000,0x000000001f3c0000)]
  0x000000001ea82800 JavaThread "C2 CompilerThread0" daemon [_thread_in_native, id=22556, stack(0x000000001f1c0000,0x000000001f2c0000)]
  0x000000001ea60000 JavaThread "Monitor Ctrl-Break" daemon [_thread_in_native, id=24104, stack(0x000000001f0c0000,0x000000001f1c0000)]
  0x000000001e9f8000 JavaThread "Attach Listener" daemon [_thread_blocked, id=37780, stack(0x000000001efc0000,0x000000001f0c0000)]
  0x000000001e9f6800 JavaThread "Signal Dispatcher" daemon [_thread_blocked, id=20380, stack(0x000000001eec0000,0x000000001efc0000)]
  0x000000001e9e0800 JavaThread "Finalizer" daemon [_thread_blocked, id=5236, stack(0x000000001edc0000,0x000000001eec0000)]
  0x000000001cadd800 JavaThread "Reference Handler" daemon [_thread_blocked, id=7372, stack(0x000000001e8c0000,0x000000001e9c0000)]
  0x0000000003033000 JavaThread "main" [_thread_blocked, id=28196, stack(0x0000000002c90000,0x0000000002d90000)]

Other Threads:
  0x000000001cad9000 VMThread [stack: 0x000000001e7c0000,0x000000001e8c0000] [id=17200]
  0x000000001eb3b000 WatcherThread [stack: 0x000000001f6c0000,0x000000001f7c0000] [id=5648]

VM state:at safepoint (normal execution)

VM Mutex/Monitor currently owned by a thread:  ([mutex/lock_event])
[0x0000000002e6ea80] Threads_lock - owner thread: 0x000000001cad9000
[0x00000000030306d0] Heap_lock - owner thread: 0x0000000003033000

Heap:
 PSYoungGen      total 75776K, used 22418K [0x000000076b780000, 0x0000000770c00000, 0x00000007c0000000)
  eden space 65024K, 17% used [0x000000076b780000,0x000000076c2e6958,0x000000076f700000)
  from space 10752K, 99% used [0x0000000770180000,0x0000000770bfe050,0x0000000770c00000)
  to   space 10752K, 99% used [0x000000076f700000,0x000000077017a060,0x0000000770180000)
 ParOldGen       total 173568K, used 4941K [0x00000006c2600000, 0x00000006ccf80000, 0x000000076b780000)
  object space 173568K, 2% used [0x00000006c2600000,0x00000006c2adb830,0x00000006ccf80000)
 Metaspace       used 20723K, capacity 21174K, committed 21296K, reserved 1069056K
  class space    used 2419K, capacity 2561K, committed 2608K, reserved 1048576K

Card table byte_map: [0x00000000124f0000,0x0000000012ce0000] byte_map_base: 0x000000000eedd000

Marking Bits: (ParMarkBitMap*) 0x00000000726c08c0
 Begin Bits: [0x0000000013a30000, 0x0000000017998000)
 End Bits:   [0x0000000017998000, 0x000000001b900000)

Polling page: 0x00000000007f0000

CodeCache: size=245760Kb used=12553Kb max_used=12845Kb free=233206Kb
 bounds [0x0000000003130000, 0x0000000003dd0000, 0x0000000012130000]
 total_blobs=3902 nmethods=3514 adapters=300
 compilation: enabled

Compilation events (10 events):
Event: 11.625 Thread 0x000000001ea97000 3657       3       java.util.ResourceBundle$CacheKey::getLoader (22 bytes)
Event: 11.625 Thread 0x000000001ea97000 nmethod 3657 0x00000000032b4210 code [0x00000000032b4380, 0x00000000032b46d0]
Event: 11.625 Thread 0x000000001ea97000 3658   !   3       sun.misc.URLClassPath::check (123 bytes)
Event: 11.626 Thread 0x000000001ea97000 nmethod 3658 0x00000000033c1e10 code [0x00000000033c20a0, 0x00000000033c35c8]
Event: 11.627 Thread 0x000000001ea97000 3659       3       java.util.Locale::equals (75 bytes)
Event: 11.628 Thread 0x000000001ea97000 nmethod 3659 0x000000000347b350 code [0x000000000347b500, 0x000000000347bd58]
Event: 11.660 Thread 0x000000001ea97000 3660       1       java.lang.Class$MethodArray::get (7 bytes)
Event: 11.660 Thread 0x000000001ea97000 nmethod 3660 0x000000000324bf10 code [0x000000000324c060, 0x000000000324c190]
Event: 11.672 Thread 0x000000001ea97000 3661       1       org.apache.catalina.valves.AccessLogValve$DateFormatCache::access$000 (5 bytes)
Event: 11.672 Thread 0x000000001ea97000 nmethod 3661 0x0000000003289010 code [0x0000000003289160, 0x0000000003289250]

GC Heap History (8 events):
Event: 6.047 GC heap before
{Heap before GC invocations=1 (full 0):
 PSYoungGen      total 75776K, used 65024K [0x000000076b780000, 0x0000000770c00000, 0x00000007c0000000)
  eden space 65024K, 100% used [0x000000076b780000,0x000000076f700000,0x000000076f700000)
  from space 10752K, 0% used [0x0000000770180000,0x0000000770180000,0x0000000770c00000)
  to   space 10752K, 0% used [0x000000076f700000,0x000000076f700000,0x0000000770180000)
 ParOldGen       total 173568K, used 0K [0x00000006c2600000, 0x00000006ccf80000, 0x000000076b780000)
  object space 173568K, 0% used [0x00000006c2600000,0x00000006c2600000,0x00000006ccf80000)
 Metaspace       used 11443K, capacity 11684K, committed 12032K, reserved 1060864K
  class space    used 1394K, capacity 1445K, committed 1536K, reserved 1048576K
Event: 6.061 GC heap after
Heap after GC invocations=1 (full 0):
 PSYoungGen      total 75776K, used 9067K [0x000000076b780000, 0x0000000770c00000, 0x00000007c0000000)
  eden space 65024K, 0% used [0x000000076b780000,0x000000076b780000,0x000000076f700000)
  from space 10752K, 84% used [0x000000076f700000,0x000000076ffdacb8,0x0000000770180000)
  to   space 10752K, 0% used [0x0000000770180000,0x0000000770180000,0x0000000770c00000)
 ParOldGen       total 173568K, used 16K [0x00000006c2600000, 0x00000006ccf80000, 0x000000076b780000)
  object space 173568K, 0% used [0x00000006c2600000,0x00000006c2604000,0x00000006ccf80000)
 Metaspace       used 11443K, capacity 11684K, committed 12032K, reserved 1060864K
  class space    used 1394K, capacity 1445K, committed 1536K, reserved 1048576K
}
Event: 8.744 GC heap before
{Heap before GC invocations=2 (full 0):
 PSYoungGen      total 75776K, used 74091K [0x000000076b780000, 0x0000000770c00000, 0x00000007c0000000)
  eden space 65024K, 100% used [0x000000076b780000,0x000000076f700000,0x000000076f700000)
  from space 10752K, 84% used [0x000000076f700000,0x000000076ffdacb8,0x0000000770180000)
  to   space 10752K, 0% used [0x0000000770180000,0x0000000770180000,0x0000000770c00000)
 ParOldGen       total 173568K, used 16K [0x00000006c2600000, 0x00000006ccf80000, 0x000000076b780000)
  object space 173568K, 0% used [0x00000006c2600000,0x00000006c2604000,0x00000006ccf80000)
 Metaspace       used 15966K, capacity 16256K, committed 16384K, reserved 1062912K
  class space    used 1930K, capacity 2010K, committed 2048K, reserved 1048576K
Event: 8.779 GC heap after
Heap after GC invocations=2 (full 0):
 PSYoungGen      total 75776K, used 10509K [0x000000076b780000, 0x0000000770c00000, 0x00000007c0000000)
  eden space 65024K, 0% used [0x000000076b780000,0x000000076b780000,0x000000076f700000)
  from space 10752K, 97% used [0x0000000770180000,0x0000000770bc3620,0x0000000770c00000)
  to   space 10752K, 0% used [0x000000076f700000,0x000000076f700000,0x0000000770180000)
 ParOldGen       total 173568K, used 24K [0x00000006c2600000, 0x00000006ccf80000, 0x000000076b780000)
  object space 173568K, 0% used [0x00000006c2600000,0x00000006c2606000,0x00000006ccf80000)
 Metaspace       used 15966K, capacity 16256K, committed 16384K, reserved 1062912K
  class space    used 1930K, capacity 2010K, committed 2048K, reserved 1048576K
}
Event: 9.899 GC heap before
{Heap before GC invocations=3 (full 0):
 PSYoungGen      total 75776K, used 75533K [0x000000076b780000, 0x0000000770c00000, 0x00000007c0000000)
  eden space 65024K, 100% used [0x000000076b780000,0x000000076f700000,0x000000076f700000)
  from space 10752K, 97% used [0x0000000770180000,0x0000000770bc3620,0x0000000770c00000)
  to   space 10752K, 0% used [0x000000076f700000,0x000000076f700000,0x0000000770180000)
 ParOldGen       total 173568K, used 24K [0x00000006c2600000, 0x00000006ccf80000, 0x000000076b780000)
  object space 173568K, 0% used [0x00000006c2600000,0x00000006c2606000,0x00000006ccf80000)
 Metaspace       used 17078K, capacity 17430K, committed 17792K, reserved 1064960K
  class space    used 2022K, capacity 2119K, committed 2176K, reserved 1048576K
Event: 9.919 GC heap after
Heap after GC invocations=3 (full 0):
 PSYoungGen      total 75776K, used 10728K [0x000000076b780000, 0x0000000770c00000, 0x00000007c0000000)
  eden space 65024K, 0% used [0x000000076b780000,0x000000076b780000,0x000000076f700000)
  from space 10752K, 99% used [0x000000076f700000,0x000000077017a020,0x0000000770180000)
  to   space 10752K, 0% used [0x0000000770180000,0x0000000770180000,0x0000000770c00000)
 ParOldGen       total 173568K, used 501K [0x00000006c2600000, 0x00000006ccf80000, 0x000000076b780000)
  object space 173568K, 0% used [0x00000006c2600000,0x00000006c267d760,0x00000006ccf80000)
 Metaspace       used 17078K, capacity 17430K, committed 17792K, reserved 1064960K
  class space    used 2022K, capacity 2119K, committed 2176K, reserved 1048576K
}
Event: 11.347 GC heap before
{Heap before GC invocations=4 (full 0):
 PSYoungGen      total 75776K, used 75752K [0x000000076b780000, 0x0000000770c00000, 0x00000007c0000000)
  eden space 65024K, 100% used [0x000000076b780000,0x000000076f700000,0x000000076f700000)
  from space 10752K, 99% used [0x000000076f700000,0x000000077017a020,0x0000000770180000)
  to   space 10752K, 0% used [0x0000000770180000,0x0000000770180000,0x0000000770c00000)
 ParOldGen       total 173568K, used 501K [0x00000006c2600000, 0x00000006ccf80000, 0x000000076b780000)
  object space 173568K, 0% used [0x00000006c2600000,0x00000006c267d760,0x00000006ccf80000)
 Metaspace       used 19220K, capacity 19734K, committed 19840K, reserved 1067008K
  class space    used 2256K, capacity 2401K, committed 2432K, reserved 1048576K
Event: 11.384 GC heap after
Heap after GC invocations=4 (full 0):
 PSYoungGen      total 75776K, used 10744K [0x000000076b780000, 0x0000000770c00000, 0x00000007c0000000)
  eden space 65024K, 0% used [0x000000076b780000,0x000000076b780000,0x000000076f700000)
  from space 10752K, 99% used [0x0000000770180000,0x0000000770bfe050,0x0000000770c00000)
  to   space 10752K, 0% used [0x000000076f700000,0x000000076f700000,0x0000000770180000)
 ParOldGen       total 173568K, used 4533K [0x00000006c2600000, 0x00000006ccf80000, 0x000000076b780000)
  object space 173568K, 2% used [0x00000006c2600000,0x00000006c2a6d418,0x00000006ccf80000)
 Metaspace       used 19220K, capacity 19734K, committed 19840K, reserved 1067008K
  class space    used 2256K, capacity 2401K, committed 2432K, reserved 1048576K
}

Deoptimization events (10 events):
Event: 11.286 Thread 0x0000000003033000 Uncommon trap: reason=bimorphic action=maybe_recompile pc=0x0000000003a9a648 method=java.util.LinkedHashMap.afterNodeInsertion(Z)V @ 15
Event: 11.331 Thread 0x0000000003033000 Uncommon trap: reason=unstable_if action=reinterpret pc=0x0000000003d689a0 method=java.util.Properties.load0(Ljava/util/Properties$LineReader;)V @ 145
Event: 11.342 Thread 0x0000000003033000 Uncommon trap: reason=bimorphic action=maybe_recompile pc=0x0000000003a9a648 method=java.util.LinkedHashMap.afterNodeInsertion(Z)V @ 15
Event: 11.393 Thread 0x0000000003033000 Uncommon trap: reason=bimorphic action=maybe_recompile pc=0x0000000003a9a648 method=java.util.LinkedHashMap.afterNodeInsertion(Z)V @ 15
Event: 11.658 Thread 0x0000000003033000 Uncommon trap: reason=class_check action=maybe_recompile pc=0x000000000387434c method=java.util.Hashtable.get(Ljava/lang/Object;)Ljava/lang/Object; @ 6
Event: 11.663 Thread 0x0000000003033000 Uncommon trap: reason=class_check action=maybe_recompile pc=0x0000000003877cb8 method=java.util.Hashtable.put(Ljava/lang/Object;Ljava/lang/Object;)Ljava/lang/Object; @ 18
Event: 11.663 Thread 0x0000000003033000 Uncommon trap: reason=class_check action=maybe_recompile pc=0x000000000387434c method=java.util.Hashtable.get(Ljava/lang/Object;)Ljava/lang/Object; @ 6
Event: 11.663 Thread 0x0000000003033000 Uncommon trap: reason=class_check action=maybe_recompile pc=0x000000000387434c method=java.util.Hashtable.get(Ljava/lang/Object;)Ljava/lang/Object; @ 6
Event: 11.665 Thread 0x0000000003033000 Uncommon trap: reason=class_check action=maybe_recompile pc=0x0000000003877cb8 method=java.util.Hashtable.put(Ljava/lang/Object;Ljava/lang/Object;)Ljava/lang/Object; @ 18
Event: 11.665 Thread 0x0000000003033000 Uncommon trap: reason=class_check action=maybe_recompile pc=0x000000000387434c method=java.util.Hashtable.get(Ljava/lang/Object;)Ljava/lang/Object; @ 6

Classes redefined (0 events):
No events

Internal exceptions (10 events):
Event: 6.622 Thread 0x0000000003033000 Exception <a 'java/lang/NoClassDefFoundError': javax/annotation/Priority> (0x000000076cc3ada8) thrown at [C:\re\workspace\8-2-build-windows-amd64-cygwin\jdk8u171\10807\hotspot\src\share\vm\classfile\systemDictionary.cpp, line 199]
Event: 6.786 Thread 0x0000000003033000 Implicit null exception at 0x00000000032fc918 to 0x00000000032fcaf5
Event: 6.990 Thread 0x0000000003033000 Implicit null exception at 0x0000000003356a96 to 0x0000000003356e45
Event: 6.990 Thread 0x0000000003033000 Implicit null exception at 0x000000000332a556 to 0x000000000332a901
Event: 7.753 Thread 0x0000000003033000 Implicit null exception at 0x00000000035149d5 to 0x0000000003514bd9
Event: 7.753 Thread 0x0000000003033000 Implicit null exception at 0x0000000003533e2f to 0x0000000003533e99
Event: 7.780 Thread 0x0000000003033000 Implicit null exception at 0x00000000037c58ef to 0x00000000037c6be9
Event: 7.842 Thread 0x0000000003033000 Implicit null exception at 0x00000000037cab0e to 0x00000000037cb311
Event: 7.842 Thread 0x0000000003033000 Implicit null exception at 0x00000000035cfadb to 0x00000000035cff65
Event: 11.262 Thread 0x0000000003033000 Exception <a 'java/io/FileNotFoundException'> (0x000000076f4eb740) thrown at [C:\re\workspace\8-2-build-windows-amd64-cygwin\jdk8u171\10807\hotspot\src\share\vm\prims\jni.cpp, line 709]

Events (10 events):
Event: 11.698 loading class com/sun/jmx/interceptor/DefaultMBeanServerInterceptor$ResourceContext$1 done
Event: 11.698 loading class com/sun/jmx/mbeanserver/NamedObject
Event: 11.698 loading class com/sun/jmx/mbeanserver/NamedObject done
Event: 11.698 loading class javax/management/MBeanServerNotification
Event: 11.699 loading class javax/management/Notification
Event: 11.699 loading class javax/management/Notification done
Event: 11.699 loading class javax/management/MBeanServerNotification done
Event: 11.700 loading class java/util/concurrent/CopyOnWriteArrayList$COWIterator
Event: 11.700 loading class java/util/concurrent/CopyOnWriteArrayList$COWIterator done
Event: 11.700 loading class javax/management/ObjectInstance


Dynamic libraries:
0x00007ff79d7d0000 - 0x00007ff79d807000 	D:\soft\Java\jdk-1.8\bin\java.exe
0x00007ff84c640000 - 0x00007ff84c830000 	C:\WINDOWS\SYSTEM32\ntdll.dll
0x00007ff84b250000 - 0x00007ff84b302000 	C:\WINDOWS\System32\KERNEL32.DLL
0x00007ff8495b0000 - 0x00007ff849855000 	C:\WINDOWS\System32\KERNELBASE.dll
0x00007ff84b950000 - 0x00007ff84b9f3000 	C:\WINDOWS\System32\ADVAPI32.dll
0x00007ff84b390000 - 0x00007ff84b42e000 	C:\WINDOWS\System32\msvcrt.dll
0x00007ff84c4d0000 - 0x00007ff84c567000 	C:\WINDOWS\System32\sechost.dll
0x00007ff84b830000 - 0x00007ff84b94f000 	C:\WINDOWS\System32\RPCRT4.dll
0x00007ff84ac20000 - 0x00007ff84adb4000 	C:\WINDOWS\System32\USER32.dll
0x00007ff8498f0000 - 0x00007ff849911000 	C:\WINDOWS\System32\win32u.dll
0x00007ff84b800000 - 0x00007ff84b826000 	C:\WINDOWS\System32\GDI32.dll
0x00007ff84a200000 - 0x00007ff84a398000 	C:\WINDOWS\System32\gdi32full.dll
0x00007ff84a420000 - 0x00007ff84a4be000 	C:\WINDOWS\System32\msvcp_win.dll
0x00007ff84a100000 - 0x00007ff84a1fa000 	C:\WINDOWS\System32\ucrtbase.dll
0x00007ff839ba0000 - 0x00007ff839e24000 	C:\WINDOWS\WinSxS\amd64_microsoft.windows.common-controls_6595b64144ccf1df_6.0.18362.1500_none_9e79be6de462295c\COMCTL32.dll
0x00007ff84b4c0000 - 0x00007ff84b7f6000 	C:\WINDOWS\System32\combase.dll
0x00007ff849860000 - 0x00007ff8498e1000 	C:\WINDOWS\System32\bcryptPrimitives.dll
0x00007ff84c420000 - 0x00007ff84c44e000 	C:\WINDOWS\System32\IMM32.DLL
0x0000000072740000 - 0x0000000072812000 	D:\soft\Java\jdk-1.8\jre\bin\msvcr100.dll
0x0000000071ea0000 - 0x0000000072740000 	D:\soft\Java\jdk-1.8\jre\bin\server\jvm.dll
0x00007ff84c570000 - 0x00007ff84c578000 	C:\WINDOWS\System32\PSAPI.DLL
0x00007ff839f10000 - 0x00007ff839f19000 	C:\WINDOWS\SYSTEM32\WSOCK32.dll
0x00007ff841500000 - 0x00007ff84150a000 	C:\WINDOWS\SYSTEM32\VERSION.dll
0x00007ff84b310000 - 0x00007ff84b37f000 	C:\WINDOWS\System32\WS2_32.dll
0x00007ff83a630000 - 0x00007ff83a654000 	C:\WINDOWS\SYSTEM32\WINMM.dll
0x00007ff83a600000 - 0x00007ff83a62d000 	C:\WINDOWS\SYSTEM32\winmmbase.dll
0x00007ff84a3a0000 - 0x00007ff84a3ea000 	C:\WINDOWS\System32\cfgmgr32.dll
0x0000000071e90000 - 0x0000000071e9f000 	D:\soft\Java\jdk-1.8\jre\bin\verify.dll
0x0000000071e60000 - 0x0000000071e89000 	D:\soft\Java\jdk-1.8\jre\bin\java.dll
0x0000000071b60000 - 0x0000000071b83000 	D:\soft\Java\jdk-1.8\jre\bin\instrument.dll
0x0000000071e40000 - 0x0000000071e56000 	D:\soft\Java\jdk-1.8\jre\bin\zip.dll
0x00007ff84bd30000 - 0x00007ff84c418000 	C:\WINDOWS\System32\SHELL32.dll
0x00007ff84b0d0000 - 0x00007ff84b177000 	C:\WINDOWS\System32\shcore.dll
0x00007ff849980000 - 0x00007ff84a0fb000 	C:\WINDOWS\System32\windows.storage.dll
0x00007ff849590000 - 0x00007ff8495ae000 	C:\WINDOWS\System32\profapi.dll
0x00007ff849540000 - 0x00007ff84958a000 	C:\WINDOWS\System32\powrprof.dll
0x00007ff8494f0000 - 0x00007ff849500000 	C:\WINDOWS\System32\UMPDC.dll
0x00007ff84ab60000 - 0x00007ff84abb2000 	C:\WINDOWS\System32\shlwapi.dll
0x00007ff849500000 - 0x00007ff849511000 	C:\WINDOWS\System32\kernel.appcore.dll
0x00007ff84a570000 - 0x00007ff84a587000 	C:\WINDOWS\System32\cryptsp.dll
0x00007ff820f00000 - 0x00007ff820f1a000 	D:\soft\IntelliJ IDEA 2019.1.3\bin\breakgen64.dll
0x0000000071e20000 - 0x0000000071e3a000 	D:\soft\Java\jdk-1.8\jre\bin\net.dll
0x00007ff841a30000 - 0x00007ff841a58000 	E:\soft\tencent\qqpcmgr\QMProxyAccelerator\3.0.8861.134\QMProxyAccLSPIPHelper64.dll
0x00007ff848d30000 - 0x00007ff848d97000 	C:\WINDOWS\system32\mswsock.dll
0x00007ff83a580000 - 0x00007ff83a58a000 	C:\WINDOWS\system32\wshqos.dll
0x00007ff839e40000 - 0x00007ff839e48000 	C:\WINDOWS\SYSTEM32\wshtcpip.DLL
0x00007ff839e30000 - 0x00007ff839e38000 	C:\WINDOWS\SYSTEM32\wship6.dll
0x00007ff8488b0000 - 0x00007ff8488e3000 	C:\WINDOWS\system32\rsaenh.dll
0x00007ff84a3f0000 - 0x00007ff84a416000 	C:\WINDOWS\System32\bcrypt.dll
0x00007ff8493e0000 - 0x00007ff849405000 	C:\WINDOWS\SYSTEM32\USERENV.dll
0x00007ff848f00000 - 0x00007ff848f0c000 	C:\WINDOWS\SYSTEM32\CRYPTBASE.dll
0x00007ff848a40000 - 0x00007ff848a7a000 	C:\WINDOWS\SYSTEM32\IPHLPAPI.DLL
0x00007ff84b380000 - 0x00007ff84b388000 	C:\WINDOWS\System32\NSI.dll
0x00007ff844b10000 - 0x00007ff844b26000 	C:\WINDOWS\SYSTEM32\dhcpcsvc6.DLL
0x00007ff844af0000 - 0x00007ff844b0c000 	C:\WINDOWS\SYSTEM32\dhcpcsvc.DLL
0x00007ff848a80000 - 0x00007ff848b4b000 	C:\WINDOWS\SYSTEM32\DNSAPI.dll
0x0000000071e00000 - 0x0000000071e11000 	D:\soft\Java\jdk-1.8\jre\bin\nio.dll
0x00007ff83d9b0000 - 0x00007ff83d9ba000 	C:\Users\travelsky\AppData\Local\Temp\jansi-1.17.1-9141843774029273715.dll
0x00007ff83c0a0000 - 0x00007ff83c0aa000 	C:\Users\travelsky\AppData\Local\Temp\jansi-1.17.1-2529142509358598692.dll
0x0000000071b50000 - 0x0000000071b5d000 	D:\soft\Java\jdk-1.8\jre\bin\management.dll

VM Arguments:
jvm_args: -Dmaven.multiModuleProjectDirectory=E:\project-one\project-one\pinyougou\pinyougou-manage-web -Dmaven.home=D:\soft\apache-maven-3.6.1 -Dclassworlds.conf=D:\soft\apache-maven-3.6.1\bin\m2.conf -javaagent:D:\soft\IntelliJ IDEA 2019.1.3\lib\idea_rt.jar=52699:D:\soft\IntelliJ IDEA 2019.1.3\bin -Dfile.encoding=UTF-8 
java_command: org.codehaus.classworlds.Launcher -Didea.version2019.1.3 -s D:\soft\apache-maven-3.6.1\conf\settings.xml -Dmaven.repo.local=D:\soft\apache-maven-3.6.1\LocalWareHouse tomcat7:run
java_class_path (initial): D:\soft\apache-maven-3.6.1\boot\plexus-classworlds-2.6.0.jar;D:\soft\IntelliJ IDEA 2019.1.3\lib\idea_rt.jar
Launcher Type: SUN_STANDARD

Environment Variables:
JAVA_HOME=D:\soft\Java\jdk1.7.0_79
CLASSPATH=D:\soft\Java\jdk1.7.0_79\lib;D:\soft\Java\jdk1.7.0_79\lib\tools.jar;.;
PATH=D:\soft\vmware\bin\;D:\soft\oracle\oracle2\bin;D:\soft\oracle\oracle\bin;D:\soft\oracle\product2\bin;D:\soft\oracle\product\bin;D:\soft\Java\jdk1.7.0_79\bin;D:\soft\Java\jdk1.7.0_79\jre\bin;C:\ProgramData\Oracle\Java\javapath;D:\soft\apache-maven-3.6.1\bin;D:\oracle\product\10.2.0\db_1\bin;C:\WINDOWS\system32;C:\WINDOWS;C:\WINDOWS\System32\Wbem;C:\WINDOWS\System32\WindowsPowerShell\v1.0\;C:\WINDOWS\System32\OpenSSH\;C:\Program Files\Intel\WiFi\bin\;C:\Program Files\Common Files\Intel\WirelessCommon\;D:\soft\Git\cmd;C:\Program Files (x86)\Intel\Intel(R) Management Engine Components\DAL;C:\Program Files\Intel\Intel(R) Management Engine Components\DAL;D:\soft\gradle-4.3.1\bin;E:\Linux\nodejs\;D:\soft\gauge\bin;D:\soft\instantclient_12_1;%ORACLE_HOME\BIN%;C:\Users\travelsky\AppData\Local\Microsoft\WindowsApps;D:\soft\Java\jdk1.7.0_79\bin;C:\Users\travelsky\AppData\Local\BypassRuntm;C:\Users\travelsky\AppData\Roaming\npm;C:\Users\travelsky\AppData\Local\Microsoft\WindowsApps;D:\soft\Microsoft VS Code\bin;E:\Linux\nodejs\node_global;E:\Linux\nodejs\node_modules;
USERNAME=travelsky
OS=Windows_NT
PROCESSOR_IDENTIFIER=Intel64 Family 6 Model 142 Stepping 10, GenuineIntel



---------------  S Y S T E M  ---------------

OS: Windows 10.0 , 64 bit Build 18362 (10.0.18362.1500)

CPU:total 8 (initial active 8) (4 cores per cpu, 2 threads per core) family 6 model 142 stepping 10, cmov, cx8, fxsr, mmx, sse, sse2, sse3, ssse3, sse4.1, sse4.2, popcnt, avx, avx2, aes, clmul, erms, 3dnowpref, lzcnt, ht, tsc, tscinvbit, bmi1, bmi2, adx

Memory: 4k page, physical 16616664k(3770180k free), swap 27103060k(5268k free)

vm_info: Java HotSpot(TM) 64-Bit Server VM (25.171-b11) for windows-amd64 JRE (1.8.0_171-b11), built on Mar 28 2018 16:06:12 by "java_re" with MS VC++ 10.0 (VS2010)

time: Sat May 08 16:08:20 2021
elapsed time: 11 seconds (0d 0h 0m 11s)

