#
# There is insufficient memory for the Java Runtime Environment to continue.
# Native memory allocation (malloc) failed to allocate 65552 bytes for Chunk::new
# Possible reasons:
#   The system is out of physical RAM or swap space
#   In 32 bit mode, the process size limit was hit
# Possible solutions:
#   Reduce memory load on the system
#   Increase physical memory or swap space
#   Check if swap backing store is full
#   Use 64 bit Java on a 64 bit OS
#   Decrease Java heap size (-Xmx/-Xms)
#   Decrease number of Java threads
#   Decrease Java thread stack sizes (-Xss)
#   Set larger code cache with -XX:ReservedCodeCacheSize=
# This output file may be truncated or incomplete.
#
#  Out of Memory Error (allocation.cpp:390), pid=20476, tid=0x00000000000086e0
#
# JRE version: Java(TM) SE Runtime Environment (8.0_171-b11) (build 1.8.0_171-b11)
# Java VM: Java HotSpot(TM) 64-Bit Server VM (25.171-b11 mixed mode windows-amd64 compressed oops)
# Failed to write core dump. Minidumps are not enabled by default on client versions of Windows
#

---------------  T H R E A D  ---------------

Current thread (0x000000001ee0e000):  JavaThread "C2 CompilerThread2" daemon [_thread_in_native, id=34528, stack(0x000000001f740000,0x000000001f840000)]

Stack: [0x000000001f740000,0x000000001f840000]
[error occurred during error reporting (printing stack bounds), id 0xc0000005]

Native frames: (J=compiled Java code, j=interpreted, Vv=VM code, C=native code)


Current CompileTask:
C2:   8879 4222   !   4       org.apache.catalina.startup.ContextConfig::checkHandlesTypes (453 bytes)


---------------  P R O C E S S  ---------------

Java Threads: ( => current thread )
  0x0000000020fe3000 JavaThread "localhost-startStop-1" daemon [_thread_blocked, id=26084, stack(0x00000000279d0000,0x0000000027ad0000)]
  0x0000000020fe4800 JavaThread "Tomcat-startStop-1" daemon [_thread_in_vm, id=35064, stack(0x0000000024f60000,0x0000000025060000)]
  0x000000001eeb7800 JavaThread "Service Thread" daemon [_thread_blocked, id=21956, stack(0x000000001f940000,0x000000001fa40000)]
  0x000000001ee12800 JavaThread "C1 CompilerThread3" daemon [_thread_in_vm, id=14320, stack(0x000000001f840000,0x000000001f940000)]
=>0x000000001ee0e000 JavaThread "C2 CompilerThread2" daemon [_thread_in_native, id=34528, stack(0x000000001f740000,0x000000001f840000)]
  0x000000001ee06000 JavaThread "C2 CompilerThread1" daemon [_thread_in_native, id=31680, stack(0x000000001f640000,0x000000001f740000)]
  0x000000001ee04800 JavaThread "C2 CompilerThread0" daemon [_thread_in_native, id=30456, stack(0x000000001f540000,0x000000001f640000)]
  0x000000001ee03000 JavaThread "Monitor Ctrl-Break" daemon [_thread_in_native, id=9856, stack(0x000000001f440000,0x000000001f540000)]
  0x000000001ed77800 JavaThread "Attach Listener" daemon [_thread_blocked, id=37336, stack(0x000000001f340000,0x000000001f440000)]
  0x000000001ed76800 JavaThread "Signal Dispatcher" daemon [_thread_blocked, id=18104, stack(0x000000001f240000,0x000000001f340000)]
  0x000000001ed60800 JavaThread "Finalizer" daemon [_thread_blocked, id=18924, stack(0x000000001f140000,0x000000001f240000)]
  0x000000001ce6d800 JavaThread "Reference Handler" daemon [_thread_blocked, id=15840, stack(0x000000001ec40000,0x000000001ed40000)]
  0x00000000032c3000 JavaThread "main" [_thread_in_vm, id=10176, stack(0x00000000014c0000,0x00000000015c0000)]

Other Threads:
  0x000000001ce69000 VMThread [stack: 0x000000001eb40000,0x000000001ec40000] [id=36888]
  0x000000001eedd000 WatcherThread [stack: 0x000000001fa40000,0x000000001fb40000] [id=17992]

VM state:not at safepoint (normal execution)

VM Mutex/Monitor currently owned by a thread: None

Heap:
 PSYoungGen      total 145920K, used 125525K [0x000000076b780000, 0x0000000778400000, 0x00000007c0000000)
  eden space 127488K, 84% used [0x000000076b780000,0x0000000772017aa8,0x0000000773400000)
  from space 18432K, 99% used [0x0000000777200000,0x00000007783fdc80,0x0000000778400000)
  to   space 14848K, 0% used [0x0000000773400000,0x0000000773400000,0x0000000774280000)
 ParOldGen       total 105472K, used 27873K [0x00000006c2600000, 0x00000006c8d00000, 0x000000076b780000)
  object space 105472K, 26% used [0x00000006c2600000,0x00000006c4138678,0x00000006c8d00000)
 Metaspace       used 24218K, capacity 24840K, committed 25008K, reserved 1071104K
  class space    used 2803K, capacity 2970K, committed 2992K, reserved 1048576K

Card table byte_map: [0x0000000012880000,0x0000000013070000] byte_map_base: 0x000000000f26d000

Marking Bits: (ParMarkBitMap*) 0x00000000726c08c0
 Begin Bits: [0x0000000013dc0000, 0x0000000017d28000)
 End Bits:   [0x0000000017d28000, 0x000000001bc90000)

Polling page: 0x00000000010b0000

CodeCache: size=245760Kb used=12359Kb max_used=13117Kb free=233400Kb
 bounds [0x00000000034c0000, 0x00000000041c0000, 0x00000000124c0000]
 total_blobs=4035 nmethods=3625 adapters=322
 compilation: enabled

Compilation events (10 events):
Event: 8.344 Thread 0x000000001ee12800 4228       3       org.apache.tomcat.util.bcel.classfile.AnnotationEntry::read (73 bytes)
Event: 8.344 Thread 0x000000001ee12800 nmethod 4228 0x0000000003b53190 code [0x0000000003b53380, 0x0000000003b53da8]
Event: 8.493 Thread 0x000000001ee12800 4230       3       java.net.URLConnection::setUseCaches (23 bytes)
Event: 8.494 Thread 0x000000001ee12800 nmethod 4230 0x0000000003876a50 code [0x0000000003876bc0, 0x0000000003876e28]
Event: 8.504 Thread 0x000000001ee12800 4232       3       org.apache.catalina.deploy.WebXml::mergeResourceMap (167 bytes)
Event: 8.505 Thread 0x000000001ee12800 nmethod 4232 0x00000000036d4d50 code [0x00000000036d5040, 0x00000000036d66c8]
Event: 8.506 Thread 0x000000001ee12800 4233       1       org.apache.catalina.deploy.SessionConfig::getSessionTrackingModes (5 bytes)
Event: 8.506 Thread 0x000000001ee12800 nmethod 4233 0x0000000003fc0a90 code [0x0000000003fc0be0, 0x0000000003fc0cf0]
Event: 8.560 Thread 0x000000001ee12800 4235       3       org.apache.tomcat.util.bcel.classfile.ArrayElementValue::<init> (45 bytes)
Event: 8.561 Thread 0x000000001ee12800 nmethod 4235 0x0000000003d9bd90 code [0x0000000003d9bf80, 0x0000000003d9c8b8]

GC Heap History (10 events):
Event: 6.019 GC heap before
{Heap before GC invocations=5 (full 0):
 PSYoungGen      total 75776K, used 23752K [0x000000076b780000, 0x0000000770c00000, 0x00000007c0000000)
  eden space 65024K, 20% used [0x000000076b780000,0x000000076c434330,0x000000076f700000)
  from space 10752K, 99% used [0x0000000770180000,0x0000000770bfe030,0x0000000770c00000)
  to   space 10752K, 0% used [0x000000076f700000,0x000000076f700000,0x0000000770180000)
 ParOldGen       total 173568K, used 4606K [0x00000006c2600000, 0x00000006ccf80000, 0x000000076b780000)
  object space 173568K, 2% used [0x00000006c2600000,0x00000006c2a7f978,0x00000006ccf80000)
 Metaspace       used 20687K, capacity 21174K, committed 21296K, reserved 1069056K
  class space    used 2414K, capacity 2561K, committed 2608K, reserved 1048576K
Event: 6.032 GC heap after
Heap after GC invocations=5 (full 0):
 PSYoungGen      total 75776K, used 10728K [0x000000076b780000, 0x0000000775480000, 0x00000007c0000000)
  eden space 65024K, 0% used [0x000000076b780000,0x000000076b780000,0x000000076f700000)
  from space 10752K, 99% used [0x000000076f700000,0x000000077017a040,0x0000000770180000)
  to   space 15360K, 0% used [0x0000000774580000,0x0000000774580000,0x0000000775480000)
 ParOldGen       total 173568K, used 6086K [0x00000006c2600000, 0x00000006ccf80000, 0x000000076b780000)
  object space 173568K, 3% used [0x00000006c2600000,0x00000006c2bf1920,0x00000006ccf80000)
 Metaspace       used 20687K, capacity 21174K, committed 21296K, reserved 1069056K
  class space    used 2414K, capacity 2561K, committed 2608K, reserved 1048576K
}
Event: 6.032 GC heap before
{Heap before GC invocations=6 (full 1):
 PSYoungGen      total 75776K, used 10728K [0x000000076b780000, 0x0000000775480000, 0x00000007c0000000)
  eden space 65024K, 0% used [0x000000076b780000,0x000000076b780000,0x000000076f700000)
  from space 10752K, 99% used [0x000000076f700000,0x000000077017a040,0x0000000770180000)
  to   space 15360K, 0% used [0x0000000774580000,0x0000000774580000,0x0000000775480000)
 ParOldGen       total 173568K, used 6086K [0x00000006c2600000, 0x00000006ccf80000, 0x000000076b780000)
  object space 173568K, 3% used [0x00000006c2600000,0x00000006c2bf1920,0x00000006ccf80000)
 Metaspace       used 20687K, capacity 21174K, committed 21296K, reserved 1069056K
  class space    used 2414K, capacity 2561K, committed 2608K, reserved 1048576K
Event: 6.109 GC heap after
Heap after GC invocations=6 (full 1):
 PSYoungGen      total 75776K, used 0K [0x000000076b780000, 0x0000000775480000, 0x00000007c0000000)
  eden space 65024K, 0% used [0x000000076b780000,0x000000076b780000,0x000000076f700000)
  from space 10752K, 0% used [0x000000076f700000,0x000000076f700000,0x0000000770180000)
  to   space 15360K, 0% used [0x0000000774580000,0x0000000774580000,0x0000000775480000)
 ParOldGen       total 105472K, used 13895K [0x00000006c2600000, 0x00000006c8d00000, 0x000000076b780000)
  object space 105472K, 13% used [0x00000006c2600000,0x00000006c3391dd0,0x00000006c8d00000)
 Metaspace       used 20687K, capacity 21174K, committed 21296K, reserved 1069056K
  class space    used 2414K, capacity 2561K, committed 2608K, reserved 1048576K
}
Event: 7.091 GC heap before
{Heap before GC invocations=7 (full 1):
 PSYoungGen      total 75776K, used 65024K [0x000000076b780000, 0x0000000775480000, 0x00000007c0000000)
  eden space 65024K, 100% used [0x000000076b780000,0x000000076f700000,0x000000076f700000)
  from space 10752K, 0% used [0x000000076f700000,0x000000076f700000,0x0000000770180000)
  to   space 15360K, 0% used [0x0000000774580000,0x0000000774580000,0x0000000775480000)
 ParOldGen       total 105472K, used 13895K [0x00000006c2600000, 0x00000006c8d00000, 0x000000076b780000)
  object space 105472K, 13% used [0x00000006c2600000,0x00000006c3391dd0,0x00000006c8d00000)
 Metaspace       used 24156K, capacity 24730K, committed 25008K, reserved 1071104K
  class space    used 2796K, capacity 2936K, committed 2992K, reserved 1048576K
Event: 7.105 GC heap after
Heap after GC invocations=7 (full 1):
 PSYoungGen      total 117248K, used 11497K [0x000000076b780000, 0x0000000775100000, 0x00000007c0000000)
  eden space 105472K, 0% used [0x000000076b780000,0x000000076b780000,0x0000000771e80000)
  from space 11776K, 97% used [0x0000000774580000,0x00000007750ba6f8,0x0000000775100000)
  to   space 14848K, 0% used [0x0000000773400000,0x0000000773400000,0x0000000774280000)
 ParOldGen       total 105472K, used 13903K [0x00000006c2600000, 0x00000006c8d00000, 0x000000076b780000)
  object space 105472K, 13% used [0x00000006c2600000,0x00000006c3393dd0,0x00000006c8d00000)
 Metaspace       used 24156K, capacity 24730K, committed 25008K, reserved 1071104K
  class space    used 2796K, capacity 2936K, committed 2992K, reserved 1048576K
}
Event: 7.782 GC heap before
{Heap before GC invocations=8 (full 1):
 PSYoungGen      total 117248K, used 116969K [0x000000076b780000, 0x0000000775100000, 0x00000007c0000000)
  eden space 105472K, 100% used [0x000000076b780000,0x0000000771e80000,0x0000000771e80000)
  from space 11776K, 97% used [0x0000000774580000,0x00000007750ba6f8,0x0000000775100000)
  to   space 14848K, 0% used [0x0000000773400000,0x0000000773400000,0x0000000774280000)
 ParOldGen       total 105472K, used 13903K [0x00000006c2600000, 0x00000006c8d00000, 0x000000076b780000)
  object space 105472K, 13% used [0x00000006c2600000,0x00000006c3393dd0,0x00000006c8d00000)
 Metaspace       used 24195K, capacity 24744K, committed 25008K, reserved 1071104K
  class space    used 2799K, capacity 2938K, committed 2992K, reserved 1048576K
Event: 7.800 GC heap after
Heap after GC invocations=8 (full 1):
 PSYoungGen      total 142336K, used 14825K [0x000000076b780000, 0x0000000778400000, 0x00000007c0000000)
  eden space 127488K, 0% used [0x000000076b780000,0x000000076b780000,0x0000000773400000)
  from space 14848K, 99% used [0x0000000773400000,0x000000077427a728,0x0000000774280000)
  to   space 18432K, 0% used [0x0000000777200000,0x0000000777200000,0x0000000778400000)
 ParOldGen       total 105472K, used 19219K [0x00000006c2600000, 0x00000006c8d00000, 0x000000076b780000)
  object space 105472K, 18% used [0x00000006c2600000,0x00000006c38c4ca8,0x00000006c8d00000)
 Metaspace       used 24195K, capacity 24744K, committed 25008K, reserved 1071104K
  class space    used 2799K, capacity 2938K, committed 2992K, reserved 1048576K
}
Event: 8.356 GC heap before
{Heap before GC invocations=9 (full 1):
 PSYoungGen      total 142336K, used 142313K [0x000000076b780000, 0x0000000778400000, 0x00000007c0000000)
  eden space 127488K, 100% used [0x000000076b780000,0x0000000773400000,0x0000000773400000)
  from space 14848K, 99% used [0x0000000773400000,0x000000077427a728,0x0000000774280000)
  to   space 18432K, 0% used [0x0000000777200000,0x0000000777200000,0x0000000778400000)
 ParOldGen       total 105472K, used 19219K [0x00000006c2600000, 0x00000006c8d00000, 0x000000076b780000)
  object space 105472K, 18% used [0x00000006c2600000,0x00000006c38c4ca8,0x00000006c8d00000)
 Metaspace       used 24196K, capacity 24744K, committed 25008K, reserved 1071104K
  class space    used 2799K, capacity 2938K, committed 2992K, reserved 1048576K
Event: 8.383 GC heap after
Heap after GC invocations=9 (full 1):
 PSYoungGen      total 145920K, used 18423K [0x000000076b780000, 0x0000000778400000, 0x00000007c0000000)
  eden space 127488K, 0% used [0x000000076b780000,0x000000076b780000,0x0000000773400000)
  from space 18432K, 99% used [0x0000000777200000,0x00000007783fdc80,0x0000000778400000)
  to   space 14848K, 0% used [0x0000000773400000,0x0000000773400000,0x0000000774280000)
 ParOldGen       total 105472K, used 27873K [0x00000006c2600000, 0x00000006c8d00000, 0x000000076b780000)
  object space 105472K, 26% used [0x00000006c2600000,0x00000006c4138678,0x00000006c8d00000)
 Metaspace       used 24196K, capacity 24744K, committed 25008K, reserved 1071104K
  class space    used 2799K, capacity 2938K, committed 2992K, reserved 1048576K
}

Deoptimization events (10 events):
Event: 6.547 Thread 0x0000000020fe3000 Uncommon trap: reason=unstable_if action=reinterpret pc=0x00000000036e535c method=sun.misc.URLClassPath$JarLoader.getResource(Ljava/lang/String;Z)Lsun/misc/Resource; @ 62
Event: 6.555 Thread 0x0000000020fe3000 Uncommon trap: reason=class_check action=maybe_recompile pc=0x00000000037b5528 method=java.util.Hashtable.addEntry(ILjava/lang/Object;Ljava/lang/Object;I)V @ 38
Event: 6.555 Thread 0x0000000020fe3000 Uncommon trap: reason=speculate_class_check action=maybe_recompile pc=0x000000000406554c method=java.nio.charset.CharsetDecoder.decode(Ljava/nio/ByteBuffer;Ljava/nio/CharBuffer;Z)Ljava/nio/charset/CoderResult; @ 57
Event: 6.557 Thread 0x0000000020fe3000 Uncommon trap: reason=speculate_class_check action=maybe_recompile pc=0x000000000406554c method=java.nio.charset.CharsetDecoder.decode(Ljava/nio/ByteBuffer;Ljava/nio/CharBuffer;Z)Ljava/nio/charset/CoderResult; @ 57
Event: 6.560 Thread 0x0000000020fe3000 Uncommon trap: reason=speculate_class_check action=maybe_recompile pc=0x000000000406554c method=java.nio.charset.CharsetDecoder.decode(Ljava/nio/ByteBuffer;Ljava/nio/CharBuffer;Z)Ljava/nio/charset/CoderResult; @ 57
Event: 7.151 Thread 0x0000000020fe3000 Uncommon trap: reason=unstable_if action=reinterpret pc=0x0000000003795ff4 method=org.apache.tomcat.util.bcel.classfile.ConstantUtf8$1.removeEldestEntry(Ljava/util/Map$Entry;)Z @ 7
Event: 7.152 Thread 0x0000000020fe3000 Uncommon trap: reason=unstable_if action=reinterpret pc=0x00000000038564b0 method=org.apache.tomcat.util.bcel.classfile.ConstantUtf8$1.removeEldestEntry(Ljava/util/Map$Entry;)Z @ 7
Event: 7.317 Thread 0x0000000020fe3000 Uncommon trap: reason=unstable_if action=reinterpret pc=0x000000000369a95c method=java.util.HashMap.removeNode(ILjava/lang/Object;Ljava/lang/Object;ZZ)Ljava/util/HashMap$Node; @ 71
Event: 7.516 Thread 0x0000000020fe3000 Uncommon trap: reason=unloaded action=reinterpret pc=0x0000000003ca4a48 method=org.apache.tomcat.util.bcel.classfile.Attribute.readAttribute(Ljava/io/DataInputStream;Lorg/apache/tomcat/util/bcel/classfile/ConstantPool;)Lorg/apache/tomcat/util/bcel/classfi
Event: 7.834 Thread 0x0000000020fe3000 Uncommon trap: reason=unstable_if action=reinterpret pc=0x0000000003b7b1c0 method=org.codehaus.plexus.classworlds.realm.Entry.matches(Ljava/lang/String;)Z @ 209

Classes redefined (0 events):
No events

Internal exceptions (10 events):
Event: 3.002 Thread 0x00000000032c3000 Exception <a 'java/lang/NoClassDefFoundError': javax/annotation/Priority> (0x000000076cc55d18) thrown at [C:\re\workspace\8-2-build-windows-amd64-cygwin\jdk8u171\10807\hotspot\src\share\vm\classfile\systemDictionary.cpp, line 199]
Event: 3.085 Thread 0x00000000032c3000 Implicit null exception at 0x000000000367a9d8 to 0x000000000367abb5
Event: 3.188 Thread 0x00000000032c3000 Implicit null exception at 0x00000000036e7c94 to 0x00000000036e804d
Event: 3.188 Thread 0x00000000032c3000 Implicit null exception at 0x00000000036b4614 to 0x00000000036b49e5
Event: 3.492 Thread 0x00000000032c3000 Implicit null exception at 0x00000000038a7a95 to 0x00000000038a7c95
Event: 3.492 Thread 0x00000000032c3000 Implicit null exception at 0x0000000003825daf to 0x0000000003825e19
Event: 3.530 Thread 0x00000000032c3000 Implicit null exception at 0x000000000382e35b to 0x000000000382e7e5
Event: 3.708 Thread 0x00000000032c3000 Implicit null exception at 0x0000000003b7a840 to 0x0000000003b7ba9d
Event: 5.823 Thread 0x00000000032c3000 Exception <a 'java/io/FileNotFoundException'> (0x000000076f5e95e0) thrown at [C:\re\workspace\8-2-build-windows-amd64-cygwin\jdk8u171\10807\hotspot\src\share\vm\prims\jni.cpp, line 709]
Event: 6.391 Thread 0x00000000032c3000 Exception <a 'java/net/BindException': Address already in use: JVM_Bind> (0x000000076c1ffbf8) thrown at [C:\re\workspace\8-2-build-windows-amd64-cygwin\jdk8u171\10807\hotspot\src\share\vm\prims\jni.cpp, line 735]

Events (10 events):
Event: 8.739 loading class org/apache/tomcat/websocket/pojo/PojoEndpointClient
Event: 8.739 loading class org/apache/tomcat/websocket/pojo/PojoEndpointClient done
Event: 8.739 loading class org/apache/tomcat/websocket/pojo/PojoEndpointClient
Event: 8.739 loading class org/apache/tomcat/websocket/pojo/PojoEndpointClient done
Event: 8.739 loading class org/apache/tomcat/websocket/pojo/PojoEndpointServer
Event: 8.739 loading class org/apache/tomcat/websocket/pojo/PojoEndpointServer done
Event: 8.739 loading class org/apache/tomcat/websocket/pojo/PojoEndpointServer
Event: 8.739 loading class org/apache/tomcat/websocket/pojo/PojoEndpointServer done
Event: 8.739 loading class org/apache/tomcat/websocket/pojo/PojoEndpointServer
Event: 8.739 loading class org/apache/tomcat/websocket/pojo/PojoEndpointServer done


Dynamic libraries:
0x00007ff79d7d0000 - 0x00007ff79d807000 	D:\soft\Java\jdk-1.8\bin\java.exe
0x00007ff84c640000 - 0x00007ff84c830000 	C:\WINDOWS\SYSTEM32\ntdll.dll
0x00007ff84b250000 - 0x00007ff84b302000 	C:\WINDOWS\System32\KERNEL32.DLL
0x00007ff8495b0000 - 0x00007ff849855000 	C:\WINDOWS\System32\KERNELBASE.dll
0x00007ff84b950000 - 0x00007ff84b9f3000 	C:\WINDOWS\System32\ADVAPI32.dll
0x00007ff84b390000 - 0x00007ff84b42e000 	C:\WINDOWS\System32\msvcrt.dll
0x00007ff84c4d0000 - 0x00007ff84c567000 	C:\WINDOWS\System32\sechost.dll
0x00007ff84b830000 - 0x00007ff84b94f000 	C:\WINDOWS\System32\RPCRT4.dll
0x00007ff84ac20000 - 0x00007ff84adb4000 	C:\WINDOWS\System32\USER32.dll
0x00007ff8498f0000 - 0x00007ff849911000 	C:\WINDOWS\System32\win32u.dll
0x00007ff84b800000 - 0x00007ff84b826000 	C:\WINDOWS\System32\GDI32.dll
0x00007ff84a200000 - 0x00007ff84a398000 	C:\WINDOWS\System32\gdi32full.dll
0x00007ff84a420000 - 0x00007ff84a4be000 	C:\WINDOWS\System32\msvcp_win.dll
0x00007ff84a100000 - 0x00007ff84a1fa000 	C:\WINDOWS\System32\ucrtbase.dll
0x00007ff839ba0000 - 0x00007ff839e24000 	C:\WINDOWS\WinSxS\amd64_microsoft.windows.common-controls_6595b64144ccf1df_6.0.18362.1500_none_9e79be6de462295c\COMCTL32.dll
0x00007ff84b4c0000 - 0x00007ff84b7f6000 	C:\WINDOWS\System32\combase.dll
0x00007ff849860000 - 0x00007ff8498e1000 	C:\WINDOWS\System32\bcryptPrimitives.dll
0x00007ff84c420000 - 0x00007ff84c44e000 	C:\WINDOWS\System32\IMM32.DLL
0x0000000072740000 - 0x0000000072812000 	D:\soft\Java\jdk-1.8\jre\bin\msvcr100.dll
0x0000000071ea0000 - 0x0000000072740000 	D:\soft\Java\jdk-1.8\jre\bin\server\jvm.dll
0x00007ff84c570000 - 0x00007ff84c578000 	C:\WINDOWS\System32\PSAPI.DLL
0x00007ff839f10000 - 0x00007ff839f19000 	C:\WINDOWS\SYSTEM32\WSOCK32.dll
0x00007ff841500000 - 0x00007ff84150a000 	C:\WINDOWS\SYSTEM32\VERSION.dll
0x00007ff83a630000 - 0x00007ff83a654000 	C:\WINDOWS\SYSTEM32\WINMM.dll
0x00007ff84b310000 - 0x00007ff84b37f000 	C:\WINDOWS\System32\WS2_32.dll
0x00007ff83a600000 - 0x00007ff83a62d000 	C:\WINDOWS\SYSTEM32\winmmbase.dll
0x00007ff84a3a0000 - 0x00007ff84a3ea000 	C:\WINDOWS\System32\cfgmgr32.dll
0x0000000071e90000 - 0x0000000071e9f000 	D:\soft\Java\jdk-1.8\jre\bin\verify.dll
0x0000000071e60000 - 0x0000000071e89000 	D:\soft\Java\jdk-1.8\jre\bin\java.dll
0x0000000071b60000 - 0x0000000071b83000 	D:\soft\Java\jdk-1.8\jre\bin\instrument.dll
0x0000000071e40000 - 0x0000000071e56000 	D:\soft\Java\jdk-1.8\jre\bin\zip.dll
0x00007ff84bd30000 - 0x00007ff84c418000 	C:\WINDOWS\System32\SHELL32.dll
0x00007ff84b0d0000 - 0x00007ff84b177000 	C:\WINDOWS\System32\shcore.dll
0x00007ff849980000 - 0x00007ff84a0fb000 	C:\WINDOWS\System32\windows.storage.dll
0x00007ff849590000 - 0x00007ff8495ae000 	C:\WINDOWS\System32\profapi.dll
0x00007ff849540000 - 0x00007ff84958a000 	C:\WINDOWS\System32\powrprof.dll
0x00007ff8494f0000 - 0x00007ff849500000 	C:\WINDOWS\System32\UMPDC.dll
0x00007ff84ab60000 - 0x00007ff84abb2000 	C:\WINDOWS\System32\shlwapi.dll
0x00007ff849500000 - 0x00007ff849511000 	C:\WINDOWS\System32\kernel.appcore.dll
0x00007ff84a570000 - 0x00007ff84a587000 	C:\WINDOWS\System32\cryptsp.dll
0x00007ff820f00000 - 0x00007ff820f1a000 	D:\soft\IntelliJ IDEA 2019.1.3\bin\breakgen64.dll
0x0000000071e20000 - 0x0000000071e3a000 	D:\soft\Java\jdk-1.8\jre\bin\net.dll
0x00007ff841a30000 - 0x00007ff841a58000 	E:\soft\tencent\qqpcmgr\QMProxyAccelerator\3.0.8861.134\QMProxyAccLSPIPHelper64.dll
0x00007ff848d30000 - 0x00007ff848d97000 	C:\WINDOWS\system32\mswsock.dll
0x00007ff83a580000 - 0x00007ff83a58a000 	C:\WINDOWS\system32\wshqos.dll
0x00007ff839e40000 - 0x00007ff839e48000 	C:\WINDOWS\SYSTEM32\wshtcpip.DLL
0x00007ff839e30000 - 0x00007ff839e38000 	C:\WINDOWS\SYSTEM32\wship6.dll
0x00007ff8488b0000 - 0x00007ff8488e3000 	C:\WINDOWS\system32\rsaenh.dll
0x00007ff84a3f0000 - 0x00007ff84a416000 	C:\WINDOWS\System32\bcrypt.dll
0x00007ff8493e0000 - 0x00007ff849405000 	C:\WINDOWS\SYSTEM32\USERENV.dll
0x00007ff848f00000 - 0x00007ff848f0c000 	C:\WINDOWS\SYSTEM32\CRYPTBASE.dll
0x00007ff848a40000 - 0x00007ff848a7a000 	C:\WINDOWS\SYSTEM32\IPHLPAPI.DLL
0x00007ff84b380000 - 0x00007ff84b388000 	C:\WINDOWS\System32\NSI.dll
0x00007ff844b10000 - 0x00007ff844b26000 	C:\WINDOWS\SYSTEM32\dhcpcsvc6.DLL
0x00007ff844af0000 - 0x00007ff844b0c000 	C:\WINDOWS\SYSTEM32\dhcpcsvc.DLL
0x00007ff848a80000 - 0x00007ff848b4b000 	C:\WINDOWS\SYSTEM32\DNSAPI.dll
0x0000000071e00000 - 0x0000000071e11000 	D:\soft\Java\jdk-1.8\jre\bin\nio.dll
0x00007ff83d9b0000 - 0x00007ff83d9ba000 	C:\Users\travelsky\AppData\Local\Temp\jansi-1.17.1-1256499154078591703.dll
0x00007ff83c0a0000 - 0x00007ff83c0aa000 	C:\Users\travelsky\AppData\Local\Temp\jansi-1.17.1-7309253008297244922.dll
0x0000000071b50000 - 0x0000000071b5d000 	D:\soft\Java\jdk-1.8\jre\bin\management.dll

VM Arguments:
jvm_args: -Dmaven.multiModuleProjectDirectory=E:\project-one\project-one\pinyougou\pinyougou-manage-web -Dmaven.home=D:\soft\apache-maven-3.6.1 -Dclassworlds.conf=D:\soft\apache-maven-3.6.1\bin\m2.conf -javaagent:D:\soft\IntelliJ IDEA 2019.1.3\lib\idea_rt.jar=53133:D:\soft\IntelliJ IDEA 2019.1.3\bin -Dfile.encoding=UTF-8 
java_command: org.codehaus.classworlds.Launcher -Didea.version2019.1.3 -s D:\soft\apache-maven-3.6.1\conf\settings.xml -Dmaven.repo.local=D:\soft\apache-maven-3.6.1\LocalWareHouse tomcat7:run
java_class_path (initial): D:\soft\apache-maven-3.6.1\boot\plexus-classworlds-2.6.0.jar;D:\soft\IntelliJ IDEA 2019.1.3\lib\idea_rt.jar
Launcher Type: SUN_STANDARD

Environment Variables:
JAVA_HOME=D:\soft\Java\jdk1.7.0_79
CLASSPATH=D:\soft\Java\jdk1.7.0_79\lib;D:\soft\Java\jdk1.7.0_79\lib\tools.jar;.;
PATH=D:\soft\vmware\bin\;D:\soft\oracle\oracle2\bin;D:\soft\oracle\oracle\bin;D:\soft\oracle\product2\bin;D:\soft\oracle\product\bin;D:\soft\Java\jdk1.7.0_79\bin;D:\soft\Java\jdk1.7.0_79\jre\bin;C:\ProgramData\Oracle\Java\javapath;D:\soft\apache-maven-3.6.1\bin;D:\oracle\product\10.2.0\db_1\bin;C:\WINDOWS\system32;C:\WINDOWS;C:\WINDOWS\System32\Wbem;C:\WINDOWS\System32\WindowsPowerShell\v1.0\;C:\WINDOWS\System32\OpenSSH\;C:\Program Files\Intel\WiFi\bin\;C:\Program Files\Common Files\Intel\WirelessCommon\;D:\soft\Git\cmd;C:\Program Files (x86)\Intel\Intel(R) Management Engine Components\DAL;C:\Program Files\Intel\Intel(R) Management Engine Components\DAL;D:\soft\gradle-4.3.1\bin;E:\Linux\nodejs\;D:\soft\gauge\bin;D:\soft\instantclient_12_1;%ORACLE_HOME\BIN%;C:\Users\travelsky\AppData\Local\Microsoft\WindowsApps;D:\soft\Java\jdk1.7.0_79\bin;C:\Users\travelsky\AppData\Local\BypassRuntm;C:\Users\travelsky\AppData\Roaming\npm;C:\Users\travelsky\AppData\Local\Microsoft\WindowsApps;D:\soft\Microsoft VS Code\bin;E:\Linux\nodejs\node_global;E:\Linux\nodejs\node_modules;
USERNAME=travelsky
OS=Windows_NT
PROCESSOR_IDENTIFIER=Intel64 Family 6 Model 142 Stepping 10, GenuineIntel



---------------  S Y S T E M  ---------------

OS: Windows 10.0 , 64 bit Build 18362 (10.0.18362.1500)

CPU:total 8 (initial active 8) (4 cores per cpu, 2 threads per core) family 6 model 142 stepping 10, cmov, cx8, fxsr, mmx, sse, sse2, sse3, ssse3, sse4.1, sse4.2, popcnt, avx, avx2, aes, clmul, erms, 3dnowpref, lzcnt, ht, tsc, tscinvbit, bmi1, bmi2, adx

Memory: 4k page, physical 16616664k(3802768k free), swap 27103060k(3076k free)

vm_info: Java HotSpot(TM) 64-Bit Server VM (25.171-b11) for windows-amd64 JRE (1.8.0_171-b11), built on Mar 28 2018 16:06:12 by "java_re" with MS VC++ 10.0 (VS2010)

time: Sat May 08 16:11:55 2021
elapsed time: 8 seconds (0d 0h 0m 8s)

